This file contains any messages produced by compilers while
running configure, to aid debugging if configure makes a mistake.

It was created by VMime Library configure 0.9.1, which was
generated by GNU Autoconf 2.65.  Invocation command line was

  $ ./configure --enable-platform-posix --disable-sasl --disable-tls --disable-messaging-proto-pop3 --disable-messaging-proto-smtp --disable-messaging-proto-imap --disable-messaging-proto-maildir --disable-messaging-proto-sendmail --disable-platform-windows

## --------- ##
## Platform. ##
## --------- ##

hostname = smaildev.fmail.tg.sinanode.com
uname -m = x86_64
uname -r = 2.6.32-220.13.1.el6.x86_64
uname -s = Linux
uname -v = #1 SMP Tue Apr 17 23:56:34 BST 2012

/usr/bin/uname -p = unknown
/bin/uname -X     = unknown

/bin/arch              = x86_64
/usr/bin/arch -k       = unknown
/usr/convex/getsysinfo = unknown
/usr/bin/hostinfo      = unknown
/bin/machine           = unknown
/usr/bin/oslevel       = unknown
/bin/universe          = unknown

PATH: /sbin
PATH: /bin
PATH: /usr/sbin
PATH: /usr/bin


## ----------- ##
## Core tests. ##
## ----------- ##

configure:2819: checking build system type
configure:2833: result: x86_64-unknown-linux-gnu
configure:2853: checking host system type
configure:2866: result: x86_64-unknown-linux-gnu
configure:2886: checking target system type
configure:2899: result: x86_64-unknown-linux-gnu
configure:2942: checking for a BSD-compatible install
configure:3010: result: /usr/bin/install -c
configure:3021: checking whether build environment is sane
configure:3071: result: yes
configure:3212: checking for a thread-safe mkdir -p
configure:3251: result: /bin/mkdir -p
configure:3264: checking for gawk
configure:3280: found /bin/gawk
configure:3291: result: gawk
configure:3302: checking whether make sets $(MAKE)
configure:3324: result: yes
configure:3409: checking whether to enable maintainer-specific portions of Makefiles
configure:3418: result: no
configure:3488: checking for gcc
configure:3504: found /usr/bin/gcc
configure:3515: result: gcc
configure:3744: checking for C compiler version
configure:3753: gcc --version >&5
gcc (GCC) 4.4.6 20110731 (Red Hat 4.4.6-3)
Copyright (C) 2010 Free Software Foundation, Inc.
This is free software; see the source for copying conditions.  There is NO
warranty; not even for MERCHANTABILITY or FITNESS FOR A PARTICULAR PURPOSE.

configure:3764: $? = 0
configure:3753: gcc -v >&5
Using built-in specs.
Target: x86_64-redhat-linux
Configured with: ../configure --prefix=/usr --mandir=/usr/share/man --infodir=/usr/share/info --with-bugurl=http://bugzilla.redhat.com/bugzilla --enable-bootstrap --enable-shared --enable-threads=posix --enable-checking=release --with-system-zlib --enable-__cxa_atexit --disable-libunwind-exceptions --enable-gnu-unique-object --enable-languages=c,c++,objc,obj-c++,java,fortran,ada --enable-java-awt=gtk --disable-dssi --with-java-home=/usr/lib/jvm/java-1.5.0-gcj-1.5.0.0/jre --enable-libgcj-multifile --enable-java-maintainer-mode --with-ecj-jar=/usr/share/java/eclipse-ecj.jar --disable-libjava-multilib --with-ppl --with-cloog --with-tune=generic --with-arch_32=i686 --build=x86_64-redhat-linux
Thread model: posix
gcc version 4.4.6 20110731 (Red Hat 4.4.6-3) (GCC) 
configure:3764: $? = 0
configure:3753: gcc -V >&5
gcc: '-V' option must have argument
configure:3764: $? = 1
configure:3753: gcc -qversion >&5
gcc: unrecognized option '-qversion'
gcc: no input files
configure:3764: $? = 1
configure:3784: checking whether the C compiler works
configure:3806: gcc    conftest.c  >&5
configure:3810: $? = 0
configure:3859: result: yes
configure:3862: checking for C compiler default output file name
configure:3864: result: a.out
configure:3870: checking for suffix of executables
configure:3877: gcc -o conftest    conftest.c  >&5
configure:3881: $? = 0
configure:3903: result: 
configure:3925: checking whether we are cross compiling
configure:3933: gcc -o conftest    conftest.c  >&5
configure:3937: $? = 0
configure:3944: ./conftest
configure:3948: $? = 0
configure:3963: result: no
configure:3968: checking for suffix of object files
configure:3990: gcc -c   conftest.c >&5
configure:3994: $? = 0
configure:4015: result: o
configure:4019: checking whether we are using the GNU C compiler
configure:4038: gcc -c   conftest.c >&5
configure:4038: $? = 0
configure:4047: result: yes
configure:4056: checking whether gcc accepts -g
configure:4076: gcc -c -g  conftest.c >&5
configure:4076: $? = 0
configure:4117: result: yes
configure:4134: checking for gcc option to accept ISO C89
configure:4198: gcc  -c -g -O2  conftest.c >&5
configure:4198: $? = 0
configure:4211: result: none needed
configure:4242: checking for style of include used by make
configure:4270: result: GNU
configure:4295: checking dependency style of gcc
configure:4405: result: none
configure:4478: checking for g++
configure:4494: found /usr/bin/g++
configure:4505: result: g++
configure:4532: checking for C++ compiler version
configure:4541: g++ --version >&5
g++ (GCC) 4.4.6 20110731 (Red Hat 4.4.6-3)
Copyright (C) 2010 Free Software Foundation, Inc.
This is free software; see the source for copying conditions.  There is NO
warranty; not even for MERCHANTABILITY or FITNESS FOR A PARTICULAR PURPOSE.

configure:4552: $? = 0
configure:4541: g++ -v >&5
Using built-in specs.
Target: x86_64-redhat-linux
Configured with: ../configure --prefix=/usr --mandir=/usr/share/man --infodir=/usr/share/info --with-bugurl=http://bugzilla.redhat.com/bugzilla --enable-bootstrap --enable-shared --enable-threads=posix --enable-checking=release --with-system-zlib --enable-__cxa_atexit --disable-libunwind-exceptions --enable-gnu-unique-object --enable-languages=c,c++,objc,obj-c++,java,fortran,ada --enable-java-awt=gtk --disable-dssi --with-java-home=/usr/lib/jvm/java-1.5.0-gcj-1.5.0.0/jre --enable-libgcj-multifile --enable-java-maintainer-mode --with-ecj-jar=/usr/share/java/eclipse-ecj.jar --disable-libjava-multilib --with-ppl --with-cloog --with-tune=generic --with-arch_32=i686 --build=x86_64-redhat-linux
Thread model: posix
gcc version 4.4.6 20110731 (Red Hat 4.4.6-3) (GCC) 
configure:4552: $? = 0
configure:4541: g++ -V >&5
g++: '-V' option must have argument
configure:4552: $? = 1
configure:4541: g++ -qversion >&5
g++: unrecognized option '-qversion'
g++: no input files
configure:4552: $? = 1
configure:4556: checking whether we are using the GNU C++ compiler
configure:4575: g++ -c   conftest.cpp >&5
configure:4575: $? = 0
configure:4584: result: yes
configure:4593: checking whether g++ accepts -g
configure:4613: g++ -c -g  conftest.cpp >&5
configure:4613: $? = 0
configure:4654: result: yes
configure:4679: checking dependency style of g++
configure:4789: result: none
configure:4809: checking how to run the C preprocessor
configure:4840: gcc -E  conftest.c
configure:4840: $? = 0
configure:4854: gcc -E  conftest.c
conftest.c:11:28: error: ac_nonexistent.h: No such file or directory
configure:4854: $? = 1
configure: failed program was:
| /* confdefs.h */
| #define PACKAGE_NAME "VMime Library"
| #define PACKAGE_TARNAME "vmime"
| #define PACKAGE_VERSION "0.9.1"
| #define PACKAGE_STRING "VMime Library 0.9.1"
| #define PACKAGE_BUGREPORT "vincent@vincent-richard.net"
| #define PACKAGE_URL ""
| #define PACKAGE "vmime"
| #define VERSION "0.9.1"
| /* end confdefs.h.  */
| #include <ac_nonexistent.h>
configure:4879: result: gcc -E
configure:4899: gcc -E  conftest.c
configure:4899: $? = 0
configure:4913: gcc -E  conftest.c
conftest.c:11:28: error: ac_nonexistent.h: No such file or directory
configure:4913: $? = 1
configure: failed program was:
| /* confdefs.h */
| #define PACKAGE_NAME "VMime Library"
| #define PACKAGE_TARNAME "vmime"
| #define PACKAGE_VERSION "0.9.1"
| #define PACKAGE_STRING "VMime Library 0.9.1"
| #define PACKAGE_BUGREPORT "vincent@vincent-richard.net"
| #define PACKAGE_URL ""
| #define PACKAGE "vmime"
| #define VERSION "0.9.1"
| /* end confdefs.h.  */
| #include <ac_nonexistent.h>
configure:4942: checking for an ANSI C-conforming const
configure:5007: gcc -c -g -O2  conftest.c >&5
configure:5007: $? = 0
configure:5014: result: yes
configure:5022: checking for inline
configure:5038: gcc -c -g -O2  conftest.c >&5
configure:5038: $? = 0
configure:5046: result: inline
configure:5065: checking for grep that handles long lines and -e
configure:5123: result: /bin/grep
configure:5128: checking for egrep
configure:5190: result: /bin/grep -E
configure:5195: checking for ANSI C header files
configure:5215: gcc -c -g -O2  conftest.c >&5
configure:5215: $? = 0
configure:5288: gcc -o conftest -g -O2   conftest.c  >&5
configure:5288: $? = 0
configure:5288: ./conftest
configure:5288: $? = 0
configure:5299: result: yes
configure:5312: checking for sys/types.h
configure:5312: gcc -c -g -O2  conftest.c >&5
configure:5312: $? = 0
configure:5312: result: yes
configure:5312: checking for sys/stat.h
configure:5312: gcc -c -g -O2  conftest.c >&5
configure:5312: $? = 0
configure:5312: result: yes
configure:5312: checking for stdlib.h
configure:5312: gcc -c -g -O2  conftest.c >&5
configure:5312: $? = 0
configure:5312: result: yes
configure:5312: checking for string.h
configure:5312: gcc -c -g -O2  conftest.c >&5
configure:5312: $? = 0
configure:5312: result: yes
configure:5312: checking for memory.h
configure:5312: gcc -c -g -O2  conftest.c >&5
configure:5312: $? = 0
configure:5312: result: yes
configure:5312: checking for strings.h
configure:5312: gcc -c -g -O2  conftest.c >&5
configure:5312: $? = 0
configure:5312: result: yes
configure:5312: checking for inttypes.h
configure:5312: gcc -c -g -O2  conftest.c >&5
configure:5312: $? = 0
configure:5312: result: yes
configure:5312: checking for stdint.h
configure:5312: gcc -c -g -O2  conftest.c >&5
configure:5312: $? = 0
configure:5312: result: yes
configure:5312: checking for unistd.h
configure:5312: gcc -c -g -O2  conftest.c >&5
configure:5312: $? = 0
configure:5312: result: yes
configure:5325: checking for stdbool.h that conforms to C99
configure:5410: gcc -c -g -O2  conftest.c >&5
configure:5410: $? = 0
configure:5417: result: yes
configure:5419: checking for _Bool
configure:5419: gcc -c -g -O2  conftest.c >&5
configure:5419: $? = 0
configure:5419: gcc -c -g -O2  conftest.c >&5
conftest.c: In function 'main':
conftest.c:57: error: expected expression before ')' token
configure:5419: $? = 1
configure: failed program was:
| /* confdefs.h */
| #define PACKAGE_NAME "VMime Library"
| #define PACKAGE_TARNAME "vmime"
| #define PACKAGE_VERSION "0.9.1"
| #define PACKAGE_STRING "VMime Library 0.9.1"
| #define PACKAGE_BUGREPORT "vincent@vincent-richard.net"
| #define PACKAGE_URL ""
| #define PACKAGE "vmime"
| #define VERSION "0.9.1"
| #define STDC_HEADERS 1
| #define HAVE_SYS_TYPES_H 1
| #define HAVE_SYS_STAT_H 1
| #define HAVE_STDLIB_H 1
| #define HAVE_STRING_H 1
| #define HAVE_MEMORY_H 1
| #define HAVE_STRINGS_H 1
| #define HAVE_INTTYPES_H 1
| #define HAVE_STDINT_H 1
| #define HAVE_UNISTD_H 1
| /* end confdefs.h.  */
| #include <stdio.h>
| #ifdef HAVE_SYS_TYPES_H
| # include <sys/types.h>
| #endif
| #ifdef HAVE_SYS_STAT_H
| # include <sys/stat.h>
| #endif
| #ifdef STDC_HEADERS
| # include <stdlib.h>
| # include <stddef.h>
| #else
| # ifdef HAVE_STDLIB_H
| #  include <stdlib.h>
| # endif
| #endif
| #ifdef HAVE_STRING_H
| # if !defined STDC_HEADERS && defined HAVE_MEMORY_H
| #  include <memory.h>
| # endif
| # include <string.h>
| #endif
| #ifdef HAVE_STRINGS_H
| # include <strings.h>
| #endif
| #ifdef HAVE_INTTYPES_H
| # include <inttypes.h>
| #endif
| #ifdef HAVE_STDINT_H
| # include <stdint.h>
| #endif
| #ifdef HAVE_UNISTD_H
| # include <unistd.h>
| #endif
| int
| main ()
| {
| if (sizeof ((_Bool)))
| 	    return 0;
|   ;
|   return 0;
| }
configure:5419: result: yes
configure:5438: checking for dirent.h that defines DIR
configure:5457: gcc -c -g -O2  conftest.c >&5
configure:5457: $? = 0
configure:5465: result: yes
configure:5479: checking for library containing opendir
configure:5510: gcc -o conftest -g -O2   conftest.c  >&5
configure:5510: $? = 0
configure:5527: result: none required
configure:5594: checking whether time.h and sys/time.h may both be included
configure:5614: gcc -c -g -O2  conftest.c >&5
configure:5614: $? = 0
configure:5621: result: yes
configure:5629: checking for an ANSI C-conforming const
configure:5701: result: yes
configure:5718: checking whether make sets $(MAKE)
configure:5740: result: yes
configure:5749: checking whether ln -s works
configure:5753: result: yes
configure:5806: checking how to print strings
configure:5833: result: printf
configure:5854: checking for a sed that does not truncate output
configure:5918: result: /bin/sed
configure:5936: checking for fgrep
configure:5998: result: /bin/grep -F
configure:6033: checking for ld used by gcc
configure:6100: result: /usr/bin/ld
configure:6107: checking if the linker (/usr/bin/ld) is GNU ld
configure:6122: result: yes
configure:6134: checking for BSD- or MS-compatible name lister (nm)
configure:6183: result: /usr/bin/nm -B
configure:6313: checking the name lister (/usr/bin/nm -B) interface
configure:6320: g++ -c -g -O2  conftest.cpp >&5
configure:6323: /usr/bin/nm -B "conftest.o"
configure:6326: output
0000000000000000 B some_variable
configure:6333: result: BSD nm
configure:6337: checking the maximum length of command line arguments
configure:6462: result: 1966080
configure:6479: checking whether the shell understands some XSI constructs
configure:6489: result: yes
configure:6493: checking whether the shell understands "+="
configure:6499: result: yes
configure:6534: checking for /usr/bin/ld option to reload object files
configure:6541: result: -r
configure:6610: checking for objdump
configure:6626: found /usr/bin/objdump
configure:6637: result: objdump
configure:6669: checking how to recognize dependent libraries
configure:6871: result: pass_all
configure:6931: checking for ar
configure:6947: found /usr/bin/ar
configure:6958: result: ar
configure:7036: checking for strip
configure:7052: found /usr/bin/strip
configure:7063: result: strip
configure:7135: checking for ranlib
configure:7151: found /usr/bin/ranlib
configure:7162: result: ranlib
configure:7264: checking command to parse /usr/bin/nm -B output from gcc object
configure:7382: g++ -c -g -O2  conftest.cpp >&5
configure:7385: $? = 0
configure:7389: /usr/bin/nm -B conftest.o \| sed -n -e 's/^.*[ ]\([ABCDGIRSTW][ABCDGIRSTW]*\)[ ][ ]*\([_A-Za-z][_A-Za-z0-9]*\)$/\1 \2 \2/p' \> conftest.nm
configure:7392: $? = 0
configure:7446: g++ -o conftest -g -O2   conftest.cpp conftstm.o >&5
configure:7449: $? = 0
configure:7487: result: ok
configure:7582: g++ -c -g -O2  conftest.cpp >&5
configure:7585: $? = 0
configure:8324: checking for dlfcn.h
configure:8324: g++ -c -g -O2  conftest.cpp >&5
configure:8324: $? = 0
configure:8324: result: yes
configure:8512: checking for objdir
configure:8527: result: .libs
configure:8794: checking if gcc supports -fno-rtti -fno-exceptions
configure:8812: gcc -c -g -O2  -fno-rtti -fno-exceptions conftest.c >&5
cc1: warning: command line option "-fno-rtti" is valid for C++/ObjC++ but not for C
configure:8816: $? = 0
configure:8829: result: no
configure:8849: checking for gcc option to produce PIC
configure:9134: result: -fPIC -DPIC
configure:9146: checking if gcc PIC flag -fPIC -DPIC works
configure:9164: gcc -c -g -O2  -fPIC -DPIC -DPIC conftest.c >&5
configure:9168: $? = 0
configure:9181: result: yes
configure:9205: checking if gcc static flag -static works
configure:9233: result: no
configure:9248: checking if gcc supports -c -o file.o
configure:9269: gcc -c -g -O2  -o out/conftest2.o conftest.c >&5
configure:9273: $? = 0
configure:9295: result: yes
configure:9303: checking if gcc supports -c -o file.o
configure:9350: result: yes
configure:9383: checking whether the gcc linker (/usr/bin/ld -m elf_x86_64) supports shared libraries
configure:10458: result: yes
configure:10495: checking whether -lc should be explicitly linked in
configure:10503: gcc -c -g -O2  conftest.c >&5
configure:10506: $? = 0
configure:10521: gcc -shared conftest.o  -v -Wl,-soname -Wl,conftest -o conftest 2\>\&1 \| /bin/grep  -lc  \>/dev/null 2\>\&1
configure:10524: $? = 0
configure:10538: result: no
configure:10703: checking dynamic linker characteristics
configure:11158: gcc -o conftest -g -O2   -Wl,-rpath -Wl,/foo conftest.c  >&5
configure:11158: $? = 0
configure:11380: result: GNU/Linux ld.so
configure:11487: checking how to hardcode library paths into programs
configure:11512: result: immediate
configure:12052: checking whether stripping libraries is possible
configure:12057: result: yes
configure:12092: checking if libtool supports shared libraries
configure:12094: result: yes
configure:12097: checking whether to build shared libraries
configure:12118: result: yes
configure:12121: checking whether to build static libraries
configure:12125: result: yes
configure:12148: checking how to run the C++ preprocessor
configure:12175: g++ -E  conftest.cpp
configure:12175: $? = 0
configure:12189: g++ -E  conftest.cpp
conftest.cpp:27:28: error: ac_nonexistent.h: No such file or directory
configure:12189: $? = 1
configure: failed program was:
| /* confdefs.h */
| #define PACKAGE_NAME "VMime Library"
| #define PACKAGE_TARNAME "vmime"
| #define PACKAGE_VERSION "0.9.1"
| #define PACKAGE_STRING "VMime Library 0.9.1"
| #define PACKAGE_BUGREPORT "vincent@vincent-richard.net"
| #define PACKAGE_URL ""
| #define PACKAGE "vmime"
| #define VERSION "0.9.1"
| #define STDC_HEADERS 1
| #define HAVE_SYS_TYPES_H 1
| #define HAVE_SYS_STAT_H 1
| #define HAVE_STDLIB_H 1
| #define HAVE_STRING_H 1
| #define HAVE_MEMORY_H 1
| #define HAVE_STRINGS_H 1
| #define HAVE_INTTYPES_H 1
| #define HAVE_STDINT_H 1
| #define HAVE_UNISTD_H 1
| #define HAVE__BOOL 1
| #define HAVE_STDBOOL_H 1
| #define HAVE_DIRENT_H 1
| #define TIME_WITH_SYS_TIME 1
| #define HAVE_DLFCN_H 1
| #define LT_OBJDIR ".libs/"
| /* end confdefs.h.  */
| #include <ac_nonexistent.h>
configure:12214: result: g++ -E
configure:12234: g++ -E  conftest.cpp
configure:12234: $? = 0
configure:12248: g++ -E  conftest.cpp
conftest.cpp:27:28: error: ac_nonexistent.h: No such file or directory
configure:12248: $? = 1
configure: failed program was:
| /* confdefs.h */
| #define PACKAGE_NAME "VMime Library"
| #define PACKAGE_TARNAME "vmime"
| #define PACKAGE_VERSION "0.9.1"
| #define PACKAGE_STRING "VMime Library 0.9.1"
| #define PACKAGE_BUGREPORT "vincent@vincent-richard.net"
| #define PACKAGE_URL ""
| #define PACKAGE "vmime"
| #define VERSION "0.9.1"
| #define STDC_HEADERS 1
| #define HAVE_SYS_TYPES_H 1
| #define HAVE_SYS_STAT_H 1
| #define HAVE_STDLIB_H 1
| #define HAVE_STRING_H 1
| #define HAVE_MEMORY_H 1
| #define HAVE_STRINGS_H 1
| #define HAVE_INTTYPES_H 1
| #define HAVE_STDINT_H 1
| #define HAVE_UNISTD_H 1
| #define HAVE__BOOL 1
| #define HAVE_STDBOOL_H 1
| #define HAVE_DIRENT_H 1
| #define TIME_WITH_SYS_TIME 1
| #define HAVE_DLFCN_H 1
| #define LT_OBJDIR ".libs/"
| /* end confdefs.h.  */
| #include <ac_nonexistent.h>
configure:12416: checking for ld used by g++
configure:12483: result: /usr/bin/ld -m elf_x86_64
configure:12490: checking if the linker (/usr/bin/ld -m elf_x86_64) is GNU ld
configure:12505: result: yes
configure:12560: checking whether the g++ linker (/usr/bin/ld -m elf_x86_64) supports shared libraries
configure:13492: result: yes
configure:13520: g++ -c -g -O2  conftest.cpp >&5
configure:13523: $? = 0
configure:13705: checking for g++ option to produce PIC
configure:14027: result: -fPIC -DPIC
configure:14036: checking if g++ PIC flag -fPIC -DPIC works
configure:14054: g++ -c -g -O2  -fPIC -DPIC -DPIC conftest.cpp >&5
configure:14058: $? = 0
configure:14071: result: yes
configure:14092: checking if g++ static flag -static works
configure:14120: result: no
configure:14132: checking if g++ supports -c -o file.o
configure:14153: g++ -c -g -O2  -o out/conftest2.o conftest.cpp >&5
configure:14157: $? = 0
configure:14179: result: yes
configure:14184: checking if g++ supports -c -o file.o
configure:14231: result: yes
configure:14261: checking whether the g++ linker (/usr/bin/ld -m elf_x86_64) supports shared libraries
configure:14289: result: yes
configure:14432: checking dynamic linker characteristics
configure:15043: result: GNU/Linux ld.so
configure:15096: checking how to hardcode library paths into programs
configure:15121: result: immediate
configure:15229: checking for gcc
configure:15256: result: gcc
configure:15485: checking for C compiler version
configure:15494: gcc --version >&5
gcc (GCC) 4.4.6 20110731 (Red Hat 4.4.6-3)
Copyright (C) 2010 Free Software Foundation, Inc.
This is free software; see the source for copying conditions.  There is NO
warranty; not even for MERCHANTABILITY or FITNESS FOR A PARTICULAR PURPOSE.

configure:15505: $? = 0
configure:15494: gcc -v >&5
Using built-in specs.
Target: x86_64-redhat-linux
Configured with: ../configure --prefix=/usr --mandir=/usr/share/man --infodir=/usr/share/info --with-bugurl=http://bugzilla.redhat.com/bugzilla --enable-bootstrap --enable-shared --enable-threads=posix --enable-checking=release --with-system-zlib --enable-__cxa_atexit --disable-libunwind-exceptions --enable-gnu-unique-object --enable-languages=c,c++,objc,obj-c++,java,fortran,ada --enable-java-awt=gtk --disable-dssi --with-java-home=/usr/lib/jvm/java-1.5.0-gcj-1.5.0.0/jre --enable-libgcj-multifile --enable-java-maintainer-mode --with-ecj-jar=/usr/share/java/eclipse-ecj.jar --disable-libjava-multilib --with-ppl --with-cloog --with-tune=generic --with-arch_32=i686 --build=x86_64-redhat-linux
Thread model: posix
gcc version 4.4.6 20110731 (Red Hat 4.4.6-3) (GCC) 
configure:15505: $? = 0
configure:15494: gcc -V >&5
gcc: '-V' option must have argument
configure:15505: $? = 1
configure:15494: gcc -qversion >&5
gcc: unrecognized option '-qversion'
gcc: no input files
configure:15505: $? = 1
configure:15509: checking whether we are using the GNU C compiler
configure:15537: result: yes
configure:15546: checking whether gcc accepts -g
configure:15607: result: yes
configure:15624: checking for gcc option to accept ISO C89
configure:15701: result: none needed
configure:15723: checking dependency style of gcc
configure:15833: result: none
configure:15853: checking how to run the C preprocessor
configure:15923: result: gcc -E
configure:15943: gcc -E  conftest.c
configure:15943: $? = 0
configure:15957: gcc -E  conftest.c
conftest.c:27:28: error: ac_nonexistent.h: No such file or directory
configure:15957: $? = 1
configure: failed program was:
| /* confdefs.h */
| #define PACKAGE_NAME "VMime Library"
| #define PACKAGE_TARNAME "vmime"
| #define PACKAGE_VERSION "0.9.1"
| #define PACKAGE_STRING "VMime Library 0.9.1"
| #define PACKAGE_BUGREPORT "vincent@vincent-richard.net"
| #define PACKAGE_URL ""
| #define PACKAGE "vmime"
| #define VERSION "0.9.1"
| #define STDC_HEADERS 1
| #define HAVE_SYS_TYPES_H 1
| #define HAVE_SYS_STAT_H 1
| #define HAVE_STDLIB_H 1
| #define HAVE_STRING_H 1
| #define HAVE_MEMORY_H 1
| #define HAVE_STRINGS_H 1
| #define HAVE_INTTYPES_H 1
| #define HAVE_STDINT_H 1
| #define HAVE_UNISTD_H 1
| #define HAVE__BOOL 1
| #define HAVE_STDBOOL_H 1
| #define HAVE_DIRENT_H 1
| #define TIME_WITH_SYS_TIME 1
| #define HAVE_DLFCN_H 1
| #define LT_OBJDIR ".libs/"
| /* end confdefs.h.  */
| #include <ac_nonexistent.h>
configure:15985: checking for library containing strerror
configure:16016: g++ -o conftest -g -O2   conftest.cpp  >&5
configure:16016: $? = 0
configure:16033: result: none required
configure:16045: checking whether system meets Posix.1
configure:16068: g++ -c -g -O2  conftest.cpp >&5
configure:16068: $? = 0
configure:16077: result: yes
configure:16099: checking features.h usability
configure:16099: g++ -c -g -O2  conftest.cpp >&5
configure:16099: $? = 0
configure:16099: result: yes
configure:16099: checking features.h presence
configure:16099: g++ -E  conftest.cpp
configure:16099: $? = 0
configure:16099: result: yes
configure:16099: checking for features.h
configure:16099: result: yes
configure:16112: checking whether time.h and sys/time.h may both be included
configure:16139: result: yes
configure:16149: checking sys/time.h usability
configure:16149: g++ -c -g -O2  conftest.cpp >&5
configure:16149: $? = 0
configure:16149: result: yes
configure:16149: checking sys/time.h presence
configure:16149: g++ -E  conftest.cpp
configure:16149: $? = 0
configure:16149: result: yes
configure:16149: checking for sys/time.h
configure:16149: result: yes
configure:16199: checking pthread.h usability
configure:16199: g++ -c -g -O2  conftest.cpp >&5
configure:16199: $? = 0
configure:16199: result: yes
configure:16199: checking pthread.h presence
configure:16199: g++ -E  conftest.cpp
configure:16199: $? = 0
configure:16199: result: yes
configure:16199: checking for pthread.h
configure:16199: result: yes
configure:16264: checking sys/atomic_op.h usability
configure:16264: g++ -c -g -O2  conftest.cpp >&5
conftest.cpp:66:27: error: sys/atomic_op.h: No such file or directory
configure:16264: $? = 1
configure: failed program was:
| /* confdefs.h */
| #define PACKAGE_NAME "VMime Library"
| #define PACKAGE_TARNAME "vmime"
| #define PACKAGE_VERSION "0.9.1"
| #define PACKAGE_STRING "VMime Library 0.9.1"
| #define PACKAGE_BUGREPORT "vincent@vincent-richard.net"
| #define PACKAGE_URL ""
| #define PACKAGE "vmime"
| #define VERSION "0.9.1"
| #define STDC_HEADERS 1
| #define HAVE_SYS_TYPES_H 1
| #define HAVE_SYS_STAT_H 1
| #define HAVE_STDLIB_H 1
| #define HAVE_STRING_H 1
| #define HAVE_MEMORY_H 1
| #define HAVE_STRINGS_H 1
| #define HAVE_INTTYPES_H 1
| #define HAVE_STDINT_H 1
| #define HAVE_UNISTD_H 1
| #define HAVE__BOOL 1
| #define HAVE_STDBOOL_H 1
| #define HAVE_DIRENT_H 1
| #define TIME_WITH_SYS_TIME 1
| #define HAVE_DLFCN_H 1
| #define LT_OBJDIR ".libs/"
| #define HAVE_UNISTD_H 1
| #define HAVE_FEATURES_H 1
| #define TIME_WITH_SYS_TIME 1
| #define HAVE_SYS_TIME_H 1
| #define HAVE_PTHREAD_H 1
| #define HAVE_PTHREAD_H 1
| /* end confdefs.h.  */
| #include <stdio.h>
| #ifdef HAVE_SYS_TYPES_H
| # include <sys/types.h>
| #endif
| #ifdef HAVE_SYS_STAT_H
| # include <sys/stat.h>
| #endif
| #ifdef STDC_HEADERS
| # include <stdlib.h>
| # include <stddef.h>
| #else
| # ifdef HAVE_STDLIB_H
| #  include <stdlib.h>
| # endif
| #endif
| #ifdef HAVE_STRING_H
| # if !defined STDC_HEADERS && defined HAVE_MEMORY_H
| #  include <memory.h>
| # endif
| # include <string.h>
| #endif
| #ifdef HAVE_STRINGS_H
| # include <strings.h>
| #endif
| #ifdef HAVE_INTTYPES_H
| # include <inttypes.h>
| #endif
| #ifdef HAVE_STDINT_H
| # include <stdint.h>
| #endif
| #ifdef HAVE_UNISTD_H
| # include <unistd.h>
| #endif
| #include <sys/atomic_op.h>
configure:16264: result: no
configure:16264: checking sys/atomic_op.h presence
configure:16264: g++ -E  conftest.cpp
conftest.cpp:33:27: error: sys/atomic_op.h: No such file or directory
configure:16264: $? = 1
configure: failed program was:
| /* confdefs.h */
| #define PACKAGE_NAME "VMime Library"
| #define PACKAGE_TARNAME "vmime"
| #define PACKAGE_VERSION "0.9.1"
| #define PACKAGE_STRING "VMime Library 0.9.1"
| #define PACKAGE_BUGREPORT "vincent@vincent-richard.net"
| #define PACKAGE_URL ""
| #define PACKAGE "vmime"
| #define VERSION "0.9.1"
| #define STDC_HEADERS 1
| #define HAVE_SYS_TYPES_H 1
| #define HAVE_SYS_STAT_H 1
| #define HAVE_STDLIB_H 1
| #define HAVE_STRING_H 1
| #define HAVE_MEMORY_H 1
| #define HAVE_STRINGS_H 1
| #define HAVE_INTTYPES_H 1
| #define HAVE_STDINT_H 1
| #define HAVE_UNISTD_H 1
| #define HAVE__BOOL 1
| #define HAVE_STDBOOL_H 1
| #define HAVE_DIRENT_H 1
| #define TIME_WITH_SYS_TIME 1
| #define HAVE_DLFCN_H 1
| #define LT_OBJDIR ".libs/"
| #define HAVE_UNISTD_H 1
| #define HAVE_FEATURES_H 1
| #define TIME_WITH_SYS_TIME 1
| #define HAVE_SYS_TIME_H 1
| #define HAVE_PTHREAD_H 1
| #define HAVE_PTHREAD_H 1
| /* end confdefs.h.  */
| #include <sys/atomic_op.h>
configure:16264: result: no
configure:16264: checking for sys/atomic_op.h
configure:16264: result: no
configure:16280: checking sys/atomic.h usability
configure:16280: g++ -c -g -O2  conftest.cpp >&5
conftest.cpp:66:24: error: sys/atomic.h: No such file or directory
configure:16280: $? = 1
configure: failed program was:
| /* confdefs.h */
| #define PACKAGE_NAME "VMime Library"
| #define PACKAGE_TARNAME "vmime"
| #define PACKAGE_VERSION "0.9.1"
| #define PACKAGE_STRING "VMime Library 0.9.1"
| #define PACKAGE_BUGREPORT "vincent@vincent-richard.net"
| #define PACKAGE_URL ""
| #define PACKAGE "vmime"
| #define VERSION "0.9.1"
| #define STDC_HEADERS 1
| #define HAVE_SYS_TYPES_H 1
| #define HAVE_SYS_STAT_H 1
| #define HAVE_STDLIB_H 1
| #define HAVE_STRING_H 1
| #define HAVE_MEMORY_H 1
| #define HAVE_STRINGS_H 1
| #define HAVE_INTTYPES_H 1
| #define HAVE_STDINT_H 1
| #define HAVE_UNISTD_H 1
| #define HAVE__BOOL 1
| #define HAVE_STDBOOL_H 1
| #define HAVE_DIRENT_H 1
| #define TIME_WITH_SYS_TIME 1
| #define HAVE_DLFCN_H 1
| #define LT_OBJDIR ".libs/"
| #define HAVE_UNISTD_H 1
| #define HAVE_FEATURES_H 1
| #define TIME_WITH_SYS_TIME 1
| #define HAVE_SYS_TIME_H 1
| #define HAVE_PTHREAD_H 1
| #define HAVE_PTHREAD_H 1
| /* end confdefs.h.  */
| #include <stdio.h>
| #ifdef HAVE_SYS_TYPES_H
| # include <sys/types.h>
| #endif
| #ifdef HAVE_SYS_STAT_H
| # include <sys/stat.h>
| #endif
| #ifdef STDC_HEADERS
| # include <stdlib.h>
| # include <stddef.h>
| #else
| # ifdef HAVE_STDLIB_H
| #  include <stdlib.h>
| # endif
| #endif
| #ifdef HAVE_STRING_H
| # if !defined STDC_HEADERS && defined HAVE_MEMORY_H
| #  include <memory.h>
| # endif
| # include <string.h>
| #endif
| #ifdef HAVE_STRINGS_H
| # include <strings.h>
| #endif
| #ifdef HAVE_INTTYPES_H
| # include <inttypes.h>
| #endif
| #ifdef HAVE_STDINT_H
| # include <stdint.h>
| #endif
| #ifdef HAVE_UNISTD_H
| # include <unistd.h>
| #endif
| #include <sys/atomic.h>
configure:16280: result: no
configure:16280: checking sys/atomic.h presence
configure:16280: g++ -E  conftest.cpp
conftest.cpp:33:24: error: sys/atomic.h: No such file or directory
configure:16280: $? = 1
configure: failed program was:
| /* confdefs.h */
| #define PACKAGE_NAME "VMime Library"
| #define PACKAGE_TARNAME "vmime"
| #define PACKAGE_VERSION "0.9.1"
| #define PACKAGE_STRING "VMime Library 0.9.1"
| #define PACKAGE_BUGREPORT "vincent@vincent-richard.net"
| #define PACKAGE_URL ""
| #define PACKAGE "vmime"
| #define VERSION "0.9.1"
| #define STDC_HEADERS 1
| #define HAVE_SYS_TYPES_H 1
| #define HAVE_SYS_STAT_H 1
| #define HAVE_STDLIB_H 1
| #define HAVE_STRING_H 1
| #define HAVE_MEMORY_H 1
| #define HAVE_STRINGS_H 1
| #define HAVE_INTTYPES_H 1
| #define HAVE_STDINT_H 1
| #define HAVE_UNISTD_H 1
| #define HAVE__BOOL 1
| #define HAVE_STDBOOL_H 1
| #define HAVE_DIRENT_H 1
| #define TIME_WITH_SYS_TIME 1
| #define HAVE_DLFCN_H 1
| #define LT_OBJDIR ".libs/"
| #define HAVE_UNISTD_H 1
| #define HAVE_FEATURES_H 1
| #define TIME_WITH_SYS_TIME 1
| #define HAVE_SYS_TIME_H 1
| #define HAVE_PTHREAD_H 1
| #define HAVE_PTHREAD_H 1
| /* end confdefs.h.  */
| #include <sys/atomic.h>
configure:16280: result: no
configure:16280: checking for sys/atomic.h
configure:16280: result: no
configure:16327: checking bits/atomicity.h usability
configure:16327: g++ -c -g -O2  conftest.cpp >&5
conftest.cpp:66:28: error: bits/atomicity.h: No such file or directory
configure:16327: $? = 1
configure: failed program was:
| /* confdefs.h */
| #define PACKAGE_NAME "VMime Library"
| #define PACKAGE_TARNAME "vmime"
| #define PACKAGE_VERSION "0.9.1"
| #define PACKAGE_STRING "VMime Library 0.9.1"
| #define PACKAGE_BUGREPORT "vincent@vincent-richard.net"
| #define PACKAGE_URL ""
| #define PACKAGE "vmime"
| #define VERSION "0.9.1"
| #define STDC_HEADERS 1
| #define HAVE_SYS_TYPES_H 1
| #define HAVE_SYS_STAT_H 1
| #define HAVE_STDLIB_H 1
| #define HAVE_STRING_H 1
| #define HAVE_MEMORY_H 1
| #define HAVE_STRINGS_H 1
| #define HAVE_INTTYPES_H 1
| #define HAVE_STDINT_H 1
| #define HAVE_UNISTD_H 1
| #define HAVE__BOOL 1
| #define HAVE_STDBOOL_H 1
| #define HAVE_DIRENT_H 1
| #define TIME_WITH_SYS_TIME 1
| #define HAVE_DLFCN_H 1
| #define LT_OBJDIR ".libs/"
| #define HAVE_UNISTD_H 1
| #define HAVE_FEATURES_H 1
| #define TIME_WITH_SYS_TIME 1
| #define HAVE_SYS_TIME_H 1
| #define HAVE_PTHREAD_H 1
| #define HAVE_PTHREAD_H 1
| /* end confdefs.h.  */
| #include <stdio.h>
| #ifdef HAVE_SYS_TYPES_H
| # include <sys/types.h>
| #endif
| #ifdef HAVE_SYS_STAT_H
| # include <sys/stat.h>
| #endif
| #ifdef STDC_HEADERS
| # include <stdlib.h>
| # include <stddef.h>
| #else
| # ifdef HAVE_STDLIB_H
| #  include <stdlib.h>
| # endif
| #endif
| #ifdef HAVE_STRING_H
| # if !defined STDC_HEADERS && defined HAVE_MEMORY_H
| #  include <memory.h>
| # endif
| # include <string.h>
| #endif
| #ifdef HAVE_STRINGS_H
| # include <strings.h>
| #endif
| #ifdef HAVE_INTTYPES_H
| # include <inttypes.h>
| #endif
| #ifdef HAVE_STDINT_H
| # include <stdint.h>
| #endif
| #ifdef HAVE_UNISTD_H
| # include <unistd.h>
| #endif
| #include <bits/atomicity.h>
configure:16327: result: no
configure:16327: checking bits/atomicity.h presence
configure:16327: g++ -E  conftest.cpp
conftest.cpp:33:28: error: bits/atomicity.h: No such file or directory
configure:16327: $? = 1
configure: failed program was:
| /* confdefs.h */
| #define PACKAGE_NAME "VMime Library"
| #define PACKAGE_TARNAME "vmime"
| #define PACKAGE_VERSION "0.9.1"
| #define PACKAGE_STRING "VMime Library 0.9.1"
| #define PACKAGE_BUGREPORT "vincent@vincent-richard.net"
| #define PACKAGE_URL ""
| #define PACKAGE "vmime"
| #define VERSION "0.9.1"
| #define STDC_HEADERS 1
| #define HAVE_SYS_TYPES_H 1
| #define HAVE_SYS_STAT_H 1
| #define HAVE_STDLIB_H 1
| #define HAVE_STRING_H 1
| #define HAVE_MEMORY_H 1
| #define HAVE_STRINGS_H 1
| #define HAVE_INTTYPES_H 1
| #define HAVE_STDINT_H 1
| #define HAVE_UNISTD_H 1
| #define HAVE__BOOL 1
| #define HAVE_STDBOOL_H 1
| #define HAVE_DIRENT_H 1
| #define TIME_WITH_SYS_TIME 1
| #define HAVE_DLFCN_H 1
| #define LT_OBJDIR ".libs/"
| #define HAVE_UNISTD_H 1
| #define HAVE_FEATURES_H 1
| #define TIME_WITH_SYS_TIME 1
| #define HAVE_SYS_TIME_H 1
| #define HAVE_PTHREAD_H 1
| #define HAVE_PTHREAD_H 1
| /* end confdefs.h.  */
| #include <bits/atomicity.h>
configure:16327: result: no
configure:16327: checking for bits/atomicity.h
configure:16327: result: no
configure:16415: checking thread.h usability
configure:16415: g++ -c -g -O2  conftest.cpp >&5
conftest.cpp:66:20: error: thread.h: No such file or directory
configure:16415: $? = 1
configure: failed program was:
| /* confdefs.h */
| #define PACKAGE_NAME "VMime Library"
| #define PACKAGE_TARNAME "vmime"
| #define PACKAGE_VERSION "0.9.1"
| #define PACKAGE_STRING "VMime Library 0.9.1"
| #define PACKAGE_BUGREPORT "vincent@vincent-richard.net"
| #define PACKAGE_URL ""
| #define PACKAGE "vmime"
| #define VERSION "0.9.1"
| #define STDC_HEADERS 1
| #define HAVE_SYS_TYPES_H 1
| #define HAVE_SYS_STAT_H 1
| #define HAVE_STDLIB_H 1
| #define HAVE_STRING_H 1
| #define HAVE_MEMORY_H 1
| #define HAVE_STRINGS_H 1
| #define HAVE_INTTYPES_H 1
| #define HAVE_STDINT_H 1
| #define HAVE_UNISTD_H 1
| #define HAVE__BOOL 1
| #define HAVE_STDBOOL_H 1
| #define HAVE_DIRENT_H 1
| #define TIME_WITH_SYS_TIME 1
| #define HAVE_DLFCN_H 1
| #define LT_OBJDIR ".libs/"
| #define HAVE_UNISTD_H 1
| #define HAVE_FEATURES_H 1
| #define TIME_WITH_SYS_TIME 1
| #define HAVE_SYS_TIME_H 1
| #define HAVE_PTHREAD_H 1
| #define HAVE_PTHREAD_H 1
| /* end confdefs.h.  */
| #include <stdio.h>
| #ifdef HAVE_SYS_TYPES_H
| # include <sys/types.h>
| #endif
| #ifdef HAVE_SYS_STAT_H
| # include <sys/stat.h>
| #endif
| #ifdef STDC_HEADERS
| # include <stdlib.h>
| # include <stddef.h>
| #else
| # ifdef HAVE_STDLIB_H
| #  include <stdlib.h>
| # endif
| #endif
| #ifdef HAVE_STRING_H
| # if !defined STDC_HEADERS && defined HAVE_MEMORY_H
| #  include <memory.h>
| # endif
| # include <string.h>
| #endif
| #ifdef HAVE_STRINGS_H
| # include <strings.h>
| #endif
| #ifdef HAVE_INTTYPES_H
| # include <inttypes.h>
| #endif
| #ifdef HAVE_STDINT_H
| # include <stdint.h>
| #endif
| #ifdef HAVE_UNISTD_H
| # include <unistd.h>
| #endif
| #include <thread.h>
configure:16415: result: no
configure:16415: checking thread.h presence
configure:16415: g++ -E  conftest.cpp
conftest.cpp:33:20: error: thread.h: No such file or directory
configure:16415: $? = 1
configure: failed program was:
| /* confdefs.h */
| #define PACKAGE_NAME "VMime Library"
| #define PACKAGE_TARNAME "vmime"
| #define PACKAGE_VERSION "0.9.1"
| #define PACKAGE_STRING "VMime Library 0.9.1"
| #define PACKAGE_BUGREPORT "vincent@vincent-richard.net"
| #define PACKAGE_URL ""
| #define PACKAGE "vmime"
| #define VERSION "0.9.1"
| #define STDC_HEADERS 1
| #define HAVE_SYS_TYPES_H 1
| #define HAVE_SYS_STAT_H 1
| #define HAVE_STDLIB_H 1
| #define HAVE_STRING_H 1
| #define HAVE_MEMORY_H 1
| #define HAVE_STRINGS_H 1
| #define HAVE_INTTYPES_H 1
| #define HAVE_STDINT_H 1
| #define HAVE_UNISTD_H 1
| #define HAVE__BOOL 1
| #define HAVE_STDBOOL_H 1
| #define HAVE_DIRENT_H 1
| #define TIME_WITH_SYS_TIME 1
| #define HAVE_DLFCN_H 1
| #define LT_OBJDIR ".libs/"
| #define HAVE_UNISTD_H 1
| #define HAVE_FEATURES_H 1
| #define TIME_WITH_SYS_TIME 1
| #define HAVE_SYS_TIME_H 1
| #define HAVE_PTHREAD_H 1
| #define HAVE_PTHREAD_H 1
| /* end confdefs.h.  */
| #include <thread.h>
configure:16415: result: no
configure:16415: checking for thread.h
configure:16415: result: no
configure:16447: checking whether gcc accepts -kthread
configure:16455: result: no
configure:16447: checking whether gcc accepts -pthread
configure:16452: result: yes
configure:16474: checking for pthread_self in -lpthread
configure:16499: g++ -o conftest -g -O2   conftest.cpp -lpthread   >&5
configure:16499: $? = 0
configure:16508: result: yes
configure:16863: checking for pthread_mach_thread_np in -lpthread
configure:16888: g++ -o conftest -g -O2   conftest.cpp -lpthread   >&5
/tmp/ccNfn0oT.o: In function `main':
/usr/home/songjian/svn/src/smail_dev/src/spam_filter/mailparsev2/libvmime/conftest.cpp:44: undefined reference to `pthread_mach_thread_np'
collect2: ld returned 1 exit status
configure:16888: $? = 1
configure: failed program was:
| /* confdefs.h */
| #define PACKAGE_NAME "VMime Library"
| #define PACKAGE_TARNAME "vmime"
| #define PACKAGE_VERSION "0.9.1"
| #define PACKAGE_STRING "VMime Library 0.9.1"
| #define PACKAGE_BUGREPORT "vincent@vincent-richard.net"
| #define PACKAGE_URL ""
| #define PACKAGE "vmime"
| #define VERSION "0.9.1"
| #define STDC_HEADERS 1
| #define HAVE_SYS_TYPES_H 1
| #define HAVE_SYS_STAT_H 1
| #define HAVE_STDLIB_H 1
| #define HAVE_STRING_H 1
| #define HAVE_MEMORY_H 1
| #define HAVE_STRINGS_H 1
| #define HAVE_INTTYPES_H 1
| #define HAVE_STDINT_H 1
| #define HAVE_UNISTD_H 1
| #define HAVE__BOOL 1
| #define HAVE_STDBOOL_H 1
| #define HAVE_DIRENT_H 1
| #define TIME_WITH_SYS_TIME 1
| #define HAVE_DLFCN_H 1
| #define LT_OBJDIR ".libs/"
| #define HAVE_UNISTD_H 1
| #define HAVE_FEATURES_H 1
| #define TIME_WITH_SYS_TIME 1
| #define HAVE_SYS_TIME_H 1
| #define HAVE_PTHREAD_H 1
| #define HAVE_PTHREAD_H 1
| /* end confdefs.h.  */
| 
| /* Override any GCC internal prototype to avoid an error.
|    Use char because int might match the return type of a GCC
|    builtin and then its argument prototype would still apply.  */
| #ifdef __cplusplus
| extern "C"
| #endif
| char pthread_mach_thread_np ();
| int
| main ()
| {
| return pthread_mach_thread_np ();
|   ;
|   return 0;
| }
configure:16898: result: no
configure:16910: checking for nanosleep in -lpthread
configure:16935: g++ -o conftest -g -O2   conftest.cpp -lpthread   >&5
configure:16935: $? = 0
configure:16945: result: yes
configure:17049: checking for clock_gettime in -lrt
configure:17074: g++ -o conftest -g -O2   conftest.cpp -lrt   >&5
configure:17074: $? = 0
configure:17083: result: yes
configure:17113: checking for mlockall in -lrt
configure:17138: g++ -o conftest -g -O2   conftest.cpp -lrt   >&5
configure:17138: $? = 0
configure:17147: result: yes
configure:17195: checking if more special flags are required for pthreads
configure:17202: result: no
configure:17214: checking pthread_np.h usability
configure:17214: g++ -c -g -O2  conftest.cpp >&5
conftest.cpp:70:24: error: pthread_np.h: No such file or directory
configure:17214: $? = 1
configure: failed program was:
| /* confdefs.h */
| #define PACKAGE_NAME "VMime Library"
| #define PACKAGE_TARNAME "vmime"
| #define PACKAGE_VERSION "0.9.1"
| #define PACKAGE_STRING "VMime Library 0.9.1"
| #define PACKAGE_BUGREPORT "vincent@vincent-richard.net"
| #define PACKAGE_URL ""
| #define PACKAGE "vmime"
| #define VERSION "0.9.1"
| #define STDC_HEADERS 1
| #define HAVE_SYS_TYPES_H 1
| #define HAVE_SYS_STAT_H 1
| #define HAVE_STDLIB_H 1
| #define HAVE_STRING_H 1
| #define HAVE_MEMORY_H 1
| #define HAVE_STRINGS_H 1
| #define HAVE_INTTYPES_H 1
| #define HAVE_STDINT_H 1
| #define HAVE_UNISTD_H 1
| #define HAVE__BOOL 1
| #define HAVE_STDBOOL_H 1
| #define HAVE_DIRENT_H 1
| #define TIME_WITH_SYS_TIME 1
| #define HAVE_DLFCN_H 1
| #define LT_OBJDIR ".libs/"
| #define HAVE_UNISTD_H 1
| #define HAVE_FEATURES_H 1
| #define TIME_WITH_SYS_TIME 1
| #define HAVE_SYS_TIME_H 1
| #define HAVE_PTHREAD_H 1
| #define HAVE_PTHREAD_H 1
| #define HAVE_PTHREAD_NANOSLEEP 1
| #define HAVE_HIRES_TIMER 1
| #define HAVE_MLOCK 1
| #define HAVE_MLOCKALL 1
| /* end confdefs.h.  */
| #include <stdio.h>
| #ifdef HAVE_SYS_TYPES_H
| # include <sys/types.h>
| #endif
| #ifdef HAVE_SYS_STAT_H
| # include <sys/stat.h>
| #endif
| #ifdef STDC_HEADERS
| # include <stdlib.h>
| # include <stddef.h>
| #else
| # ifdef HAVE_STDLIB_H
| #  include <stdlib.h>
| # endif
| #endif
| #ifdef HAVE_STRING_H
| # if !defined STDC_HEADERS && defined HAVE_MEMORY_H
| #  include <memory.h>
| # endif
| # include <string.h>
| #endif
| #ifdef HAVE_STRINGS_H
| # include <strings.h>
| #endif
| #ifdef HAVE_INTTYPES_H
| # include <inttypes.h>
| #endif
| #ifdef HAVE_STDINT_H
| # include <stdint.h>
| #endif
| #ifdef HAVE_UNISTD_H
| # include <unistd.h>
| #endif
| #include <pthread_np.h>
configure:17214: result: no
configure:17214: checking pthread_np.h presence
configure:17214: g++ -E  conftest.cpp
conftest.cpp:37:24: error: pthread_np.h: No such file or directory
configure:17214: $? = 1
configure: failed program was:
| /* confdefs.h */
| #define PACKAGE_NAME "VMime Library"
| #define PACKAGE_TARNAME "vmime"
| #define PACKAGE_VERSION "0.9.1"
| #define PACKAGE_STRING "VMime Library 0.9.1"
| #define PACKAGE_BUGREPORT "vincent@vincent-richard.net"
| #define PACKAGE_URL ""
| #define PACKAGE "vmime"
| #define VERSION "0.9.1"
| #define STDC_HEADERS 1
| #define HAVE_SYS_TYPES_H 1
| #define HAVE_SYS_STAT_H 1
| #define HAVE_STDLIB_H 1
| #define HAVE_STRING_H 1
| #define HAVE_MEMORY_H 1
| #define HAVE_STRINGS_H 1
| #define HAVE_INTTYPES_H 1
| #define HAVE_STDINT_H 1
| #define HAVE_UNISTD_H 1
| #define HAVE__BOOL 1
| #define HAVE_STDBOOL_H 1
| #define HAVE_DIRENT_H 1
| #define TIME_WITH_SYS_TIME 1
| #define HAVE_DLFCN_H 1
| #define LT_OBJDIR ".libs/"
| #define HAVE_UNISTD_H 1
| #define HAVE_FEATURES_H 1
| #define TIME_WITH_SYS_TIME 1
| #define HAVE_SYS_TIME_H 1
| #define HAVE_PTHREAD_H 1
| #define HAVE_PTHREAD_H 1
| #define HAVE_PTHREAD_NANOSLEEP 1
| #define HAVE_HIRES_TIMER 1
| #define HAVE_MLOCK 1
| #define HAVE_MLOCKALL 1
| /* end confdefs.h.  */
| #include <pthread_np.h>
configure:17214: result: no
configure:17214: checking for pthread_np.h
configure:17214: result: no
configure:17227: checking semaphore.h usability
configure:17227: g++ -c -g -O2  conftest.cpp >&5
configure:17227: $? = 0
configure:17227: result: yes
configure:17227: checking semaphore.h presence
configure:17227: g++ -E  conftest.cpp
configure:17227: $? = 0
configure:17227: result: yes
configure:17227: checking for semaphore.h
configure:17227: result: yes
configure:17239: checking sched.h usability
configure:17239: g++ -c -g -O2  conftest.cpp >&5
configure:17239: $? = 0
configure:17239: result: yes
configure:17239: checking sched.h presence
configure:17239: g++ -E  conftest.cpp
configure:17239: $? = 0
configure:17239: result: yes
configure:17239: checking for sched.h
configure:17239: result: yes
configure:17251: checking sys/sched.h usability
configure:17251: g++ -c -g -O2  conftest.cpp >&5
conftest.cpp:72:23: error: sys/sched.h: No such file or directory
configure:17251: $? = 1
configure: failed program was:
| /* confdefs.h */
| #define PACKAGE_NAME "VMime Library"
| #define PACKAGE_TARNAME "vmime"
| #define PACKAGE_VERSION "0.9.1"
| #define PACKAGE_STRING "VMime Library 0.9.1"
| #define PACKAGE_BUGREPORT "vincent@vincent-richard.net"
| #define PACKAGE_URL ""
| #define PACKAGE "vmime"
| #define VERSION "0.9.1"
| #define STDC_HEADERS 1
| #define HAVE_SYS_TYPES_H 1
| #define HAVE_SYS_STAT_H 1
| #define HAVE_STDLIB_H 1
| #define HAVE_STRING_H 1
| #define HAVE_MEMORY_H 1
| #define HAVE_STRINGS_H 1
| #define HAVE_INTTYPES_H 1
| #define HAVE_STDINT_H 1
| #define HAVE_UNISTD_H 1
| #define HAVE__BOOL 1
| #define HAVE_STDBOOL_H 1
| #define HAVE_DIRENT_H 1
| #define TIME_WITH_SYS_TIME 1
| #define HAVE_DLFCN_H 1
| #define LT_OBJDIR ".libs/"
| #define HAVE_UNISTD_H 1
| #define HAVE_FEATURES_H 1
| #define TIME_WITH_SYS_TIME 1
| #define HAVE_SYS_TIME_H 1
| #define HAVE_PTHREAD_H 1
| #define HAVE_PTHREAD_H 1
| #define HAVE_PTHREAD_NANOSLEEP 1
| #define HAVE_HIRES_TIMER 1
| #define HAVE_MLOCK 1
| #define HAVE_MLOCKALL 1
| #define HAVE_SEMAPHORE_H 1
| #define HAVE_SCHED_H 1
| /* end confdefs.h.  */
| #include <stdio.h>
| #ifdef HAVE_SYS_TYPES_H
| # include <sys/types.h>
| #endif
| #ifdef HAVE_SYS_STAT_H
| # include <sys/stat.h>
| #endif
| #ifdef STDC_HEADERS
| # include <stdlib.h>
| # include <stddef.h>
| #else
| # ifdef HAVE_STDLIB_H
| #  include <stdlib.h>
| # endif
| #endif
| #ifdef HAVE_STRING_H
| # if !defined STDC_HEADERS && defined HAVE_MEMORY_H
| #  include <memory.h>
| # endif
| # include <string.h>
| #endif
| #ifdef HAVE_STRINGS_H
| # include <strings.h>
| #endif
| #ifdef HAVE_INTTYPES_H
| # include <inttypes.h>
| #endif
| #ifdef HAVE_STDINT_H
| # include <stdint.h>
| #endif
| #ifdef HAVE_UNISTD_H
| # include <unistd.h>
| #endif
| #include <sys/sched.h>
configure:17251: result: no
configure:17251: checking sys/sched.h presence
configure:17251: g++ -E  conftest.cpp
conftest.cpp:39:23: error: sys/sched.h: No such file or directory
configure:17251: $? = 1
configure: failed program was:
| /* confdefs.h */
| #define PACKAGE_NAME "VMime Library"
| #define PACKAGE_TARNAME "vmime"
| #define PACKAGE_VERSION "0.9.1"
| #define PACKAGE_STRING "VMime Library 0.9.1"
| #define PACKAGE_BUGREPORT "vincent@vincent-richard.net"
| #define PACKAGE_URL ""
| #define PACKAGE "vmime"
| #define VERSION "0.9.1"
| #define STDC_HEADERS 1
| #define HAVE_SYS_TYPES_H 1
| #define HAVE_SYS_STAT_H 1
| #define HAVE_STDLIB_H 1
| #define HAVE_STRING_H 1
| #define HAVE_MEMORY_H 1
| #define HAVE_STRINGS_H 1
| #define HAVE_INTTYPES_H 1
| #define HAVE_STDINT_H 1
| #define HAVE_UNISTD_H 1
| #define HAVE__BOOL 1
| #define HAVE_STDBOOL_H 1
| #define HAVE_DIRENT_H 1
| #define TIME_WITH_SYS_TIME 1
| #define HAVE_DLFCN_H 1
| #define LT_OBJDIR ".libs/"
| #define HAVE_UNISTD_H 1
| #define HAVE_FEATURES_H 1
| #define TIME_WITH_SYS_TIME 1
| #define HAVE_SYS_TIME_H 1
| #define HAVE_PTHREAD_H 1
| #define HAVE_PTHREAD_H 1
| #define HAVE_PTHREAD_NANOSLEEP 1
| #define HAVE_HIRES_TIMER 1
| #define HAVE_MLOCK 1
| #define HAVE_MLOCKALL 1
| #define HAVE_SEMAPHORE_H 1
| #define HAVE_SCHED_H 1
| /* end confdefs.h.  */
| #include <sys/sched.h>
configure:17251: result: no
configure:17251: checking for sys/sched.h
configure:17251: result: no
configure:17263: checking for sched_getscheduler
configure:17263: g++ -o conftest -g -O2   conftest.cpp  >&5
configure:17263: $? = 0
configure:17263: result: yes
configure:17272: checking for recursive mutex type support
configure:17310: g++ -c -g -O2  conftest.cpp >&5
conftest.cpp: In function 'int main()':
conftest.cpp:50: error: 'PTHREAD_MUTEXTYPE_RECURSIVE' was not declared in this scope
configure:17310: $? = 1
configure: failed program was:
| /* confdefs.h */
| #define PACKAGE_NAME "VMime Library"
| #define PACKAGE_TARNAME "vmime"
| #define PACKAGE_VERSION "0.9.1"
| #define PACKAGE_STRING "VMime Library 0.9.1"
| #define PACKAGE_BUGREPORT "vincent@vincent-richard.net"
| #define PACKAGE_URL ""
| #define PACKAGE "vmime"
| #define VERSION "0.9.1"
| #define STDC_HEADERS 1
| #define HAVE_SYS_TYPES_H 1
| #define HAVE_SYS_STAT_H 1
| #define HAVE_STDLIB_H 1
| #define HAVE_STRING_H 1
| #define HAVE_MEMORY_H 1
| #define HAVE_STRINGS_H 1
| #define HAVE_INTTYPES_H 1
| #define HAVE_STDINT_H 1
| #define HAVE_UNISTD_H 1
| #define HAVE__BOOL 1
| #define HAVE_STDBOOL_H 1
| #define HAVE_DIRENT_H 1
| #define TIME_WITH_SYS_TIME 1
| #define HAVE_DLFCN_H 1
| #define LT_OBJDIR ".libs/"
| #define HAVE_UNISTD_H 1
| #define HAVE_FEATURES_H 1
| #define TIME_WITH_SYS_TIME 1
| #define HAVE_SYS_TIME_H 1
| #define HAVE_PTHREAD_H 1
| #define HAVE_PTHREAD_H 1
| #define HAVE_PTHREAD_NANOSLEEP 1
| #define HAVE_HIRES_TIMER 1
| #define HAVE_MLOCK 1
| #define HAVE_MLOCKALL 1
| #define HAVE_SEMAPHORE_H 1
| #define HAVE_SCHED_H 1
| #define HAVE_SCHED_GETSCHEDULER 1
| /* end confdefs.h.  */
| #include <pthread.h>
| int
| main ()
| {
| 
| 		#ifndef PTHREAD_MUTEXTYPE_RECURSIVE
| 		#ifdef PTHREAD_MUTEX_RECURSIVE
| 		#define PTHREAD_MUTEXTYPE_RECURSIVE PTHREAD_MUTEX_RECURSIVE
| 		#endif
| 		#endif
| 		return (int)PTHREAD_MUTEXTYPE_RECURSIVE;
| 
|   ;
|   return 0;
| }
configure:17369: result: linux
configure:17418: checking for pthread_mutexattr_settype in -lpthread
configure:17443: g++ -o conftest -g -O2   conftest.cpp -lpthread   >&5
configure:17443: $? = 0
configure:17453: result: yes
configure:17559: checking for pthread_rwlock_init in -lpthread
configure:17584: g++ -o conftest -g -O2   conftest.cpp -lpthread   >&5
configure:17584: $? = 0
configure:17594: result: yes
configure:17606: checking for pread in -lc
configure:17631: g++ -o conftest -g -O2   conftest.cpp -lc   >&5
configure:17631: $? = 0
configure:17640: result: yes
configure:17743: checking for pthread_suspend in -lpthread
configure:17768: g++ -o conftest -g -O2   conftest.cpp -lpthread   >&5
/tmp/ccmmZJ9g.o: In function `main':
/usr/home/songjian/svn/src/smail_dev/src/spam_filter/mailparsev2/libvmime/conftest.cpp:55: undefined reference to `pthread_suspend'
collect2: ld returned 1 exit status
configure:17768: $? = 1
configure: failed program was:
| /* confdefs.h */
| #define PACKAGE_NAME "VMime Library"
| #define PACKAGE_TARNAME "vmime"
| #define PACKAGE_VERSION "0.9.1"
| #define PACKAGE_STRING "VMime Library 0.9.1"
| #define PACKAGE_BUGREPORT "vincent@vincent-richard.net"
| #define PACKAGE_URL ""
| #define PACKAGE "vmime"
| #define VERSION "0.9.1"
| #define STDC_HEADERS 1
| #define HAVE_SYS_TYPES_H 1
| #define HAVE_SYS_STAT_H 1
| #define HAVE_STDLIB_H 1
| #define HAVE_STRING_H 1
| #define HAVE_MEMORY_H 1
| #define HAVE_STRINGS_H 1
| #define HAVE_INTTYPES_H 1
| #define HAVE_STDINT_H 1
| #define HAVE_UNISTD_H 1
| #define HAVE__BOOL 1
| #define HAVE_STDBOOL_H 1
| #define HAVE_DIRENT_H 1
| #define TIME_WITH_SYS_TIME 1
| #define HAVE_DLFCN_H 1
| #define LT_OBJDIR ".libs/"
| #define HAVE_UNISTD_H 1
| #define HAVE_FEATURES_H 1
| #define TIME_WITH_SYS_TIME 1
| #define HAVE_SYS_TIME_H 1
| #define HAVE_PTHREAD_H 1
| #define HAVE_PTHREAD_H 1
| #define HAVE_PTHREAD_NANOSLEEP 1
| #define HAVE_HIRES_TIMER 1
| #define HAVE_MLOCK 1
| #define HAVE_MLOCKALL 1
| #define HAVE_SEMAPHORE_H 1
| #define HAVE_SCHED_H 1
| #define HAVE_SCHED_GETSCHEDULER 1
| #define PTHREAD_MUTEXTYPE_RECURSIVE PTHREAD_MUTEX_RECURSIVE_NP
| #define HAVE_PTHREAD_MUTEXATTR_SETTYPE 1
| #define HAVE_PTHREAD_RWLOCK 1
| #define HAVE_PREAD_PWRITE 1
| /* end confdefs.h.  */
| 
| /* Override any GCC internal prototype to avoid an error.
|    Use char because int might match the return type of a GCC
|    builtin and then its argument prototype would still apply.  */
| #ifdef __cplusplus
| extern "C"
| #endif
| char pthread_suspend ();
| int
| main ()
| {
| return pthread_suspend ();
|   ;
|   return 0;
| }
configure:17778: result: no
configure:17789: checking for pthread_attr_setstacksize in -lpthread
configure:17814: g++ -o conftest -g -O2   conftest.cpp -lpthread   >&5
configure:17814: $? = 0
configure:17824: result: yes
configure:17835: checking for pthread_yield_np in -lpthread
configure:17860: g++ -o conftest -g -O2   conftest.cpp -lpthread   >&5
/tmp/ccWvwLMv.o: In function `main':
/usr/home/songjian/svn/src/smail_dev/src/spam_filter/mailparsev2/libvmime/conftest.cpp:56: undefined reference to `pthread_yield_np'
collect2: ld returned 1 exit status
configure:17860: $? = 1
configure: failed program was:
| /* confdefs.h */
| #define PACKAGE_NAME "VMime Library"
| #define PACKAGE_TARNAME "vmime"
| #define PACKAGE_VERSION "0.9.1"
| #define PACKAGE_STRING "VMime Library 0.9.1"
| #define PACKAGE_BUGREPORT "vincent@vincent-richard.net"
| #define PACKAGE_URL ""
| #define PACKAGE "vmime"
| #define VERSION "0.9.1"
| #define STDC_HEADERS 1
| #define HAVE_SYS_TYPES_H 1
| #define HAVE_SYS_STAT_H 1
| #define HAVE_STDLIB_H 1
| #define HAVE_STRING_H 1
| #define HAVE_MEMORY_H 1
| #define HAVE_STRINGS_H 1
| #define HAVE_INTTYPES_H 1
| #define HAVE_STDINT_H 1
| #define HAVE_UNISTD_H 1
| #define HAVE__BOOL 1
| #define HAVE_STDBOOL_H 1
| #define HAVE_DIRENT_H 1
| #define TIME_WITH_SYS_TIME 1
| #define HAVE_DLFCN_H 1
| #define LT_OBJDIR ".libs/"
| #define HAVE_UNISTD_H 1
| #define HAVE_FEATURES_H 1
| #define TIME_WITH_SYS_TIME 1
| #define HAVE_SYS_TIME_H 1
| #define HAVE_PTHREAD_H 1
| #define HAVE_PTHREAD_H 1
| #define HAVE_PTHREAD_NANOSLEEP 1
| #define HAVE_HIRES_TIMER 1
| #define HAVE_MLOCK 1
| #define HAVE_MLOCKALL 1
| #define HAVE_SEMAPHORE_H 1
| #define HAVE_SCHED_H 1
| #define HAVE_SCHED_GETSCHEDULER 1
| #define PTHREAD_MUTEXTYPE_RECURSIVE PTHREAD_MUTEX_RECURSIVE_NP
| #define HAVE_PTHREAD_MUTEXATTR_SETTYPE 1
| #define HAVE_PTHREAD_RWLOCK 1
| #define HAVE_PREAD_PWRITE 1
| #define HAVE_PTHREAD_ATTR_SETSTACKSIZE 1
| /* end confdefs.h.  */
| 
| /* Override any GCC internal prototype to avoid an error.
|    Use char because int might match the return type of a GCC
|    builtin and then its argument prototype would still apply.  */
| #ifdef __cplusplus
| extern "C"
| #endif
| char pthread_yield_np ();
| int
| main ()
| {
| return pthread_yield_np ();
|   ;
|   return 0;
| }
configure:17870: result: no
configure:17880: checking for pthread_yield in -lpthread
configure:17905: g++ -o conftest -g -O2   conftest.cpp -lpthread   >&5
configure:17905: $? = 0
configure:17915: result: yes
configure:17977: checking for pthread_cancel in -lpthread
configure:18002: g++ -o conftest -g -O2   conftest.cpp -lpthread   >&5
configure:18002: $? = 0
configure:18012: result: yes
configure:18021: checking for pthread_setcanceltype in -lpthread
configure:18046: g++ -o conftest -g -O2   conftest.cpp -lpthread   >&5
configure:18046: $? = 0
configure:18056: result: yes
configure:18167: checking for pthread_delay_np in -lpthread
configure:18192: g++ -o conftest -g -O2   conftest.cpp -lpthread   >&5
/tmp/cczPaWcO.o: In function `main':
/usr/home/songjian/svn/src/smail_dev/src/spam_filter/mailparsev2/libvmime/conftest.cpp:59: undefined reference to `pthread_delay_np'
collect2: ld returned 1 exit status
configure:18192: $? = 1
configure: failed program was:
| /* confdefs.h */
| #define PACKAGE_NAME "VMime Library"
| #define PACKAGE_TARNAME "vmime"
| #define PACKAGE_VERSION "0.9.1"
| #define PACKAGE_STRING "VMime Library 0.9.1"
| #define PACKAGE_BUGREPORT "vincent@vincent-richard.net"
| #define PACKAGE_URL ""
| #define PACKAGE "vmime"
| #define VERSION "0.9.1"
| #define STDC_HEADERS 1
| #define HAVE_SYS_TYPES_H 1
| #define HAVE_SYS_STAT_H 1
| #define HAVE_STDLIB_H 1
| #define HAVE_STRING_H 1
| #define HAVE_MEMORY_H 1
| #define HAVE_STRINGS_H 1
| #define HAVE_INTTYPES_H 1
| #define HAVE_STDINT_H 1
| #define HAVE_UNISTD_H 1
| #define HAVE__BOOL 1
| #define HAVE_STDBOOL_H 1
| #define HAVE_DIRENT_H 1
| #define TIME_WITH_SYS_TIME 1
| #define HAVE_DLFCN_H 1
| #define LT_OBJDIR ".libs/"
| #define HAVE_UNISTD_H 1
| #define HAVE_FEATURES_H 1
| #define TIME_WITH_SYS_TIME 1
| #define HAVE_SYS_TIME_H 1
| #define HAVE_PTHREAD_H 1
| #define HAVE_PTHREAD_H 1
| #define HAVE_PTHREAD_NANOSLEEP 1
| #define HAVE_HIRES_TIMER 1
| #define HAVE_MLOCK 1
| #define HAVE_MLOCKALL 1
| #define HAVE_SEMAPHORE_H 1
| #define HAVE_SCHED_H 1
| #define HAVE_SCHED_GETSCHEDULER 1
| #define PTHREAD_MUTEXTYPE_RECURSIVE PTHREAD_MUTEX_RECURSIVE_NP
| #define HAVE_PTHREAD_MUTEXATTR_SETTYPE 1
| #define HAVE_PTHREAD_RWLOCK 1
| #define HAVE_PREAD_PWRITE 1
| #define HAVE_PTHREAD_ATTR_SETSTACKSIZE 1
| #define HAVE_PTHREAD_YIELD 1
| #define HAVE_PTHREAD_CANCEL 1
| #define HAVE_PTHREAD_SETCANCELTYPE 1
| /* end confdefs.h.  */
| 
| /* Override any GCC internal prototype to avoid an error.
|    Use char because int might match the return type of a GCC
|    builtin and then its argument prototype would still apply.  */
| #ifdef __cplusplus
| extern "C"
| #endif
| char pthread_delay_np ();
| int
| main ()
| {
| return pthread_delay_np ();
|   ;
|   return 0;
| }
configure:18202: result: no
configure:18264: checking whether build environment is sane
configure:18314: result: yes
configure:18318: checking whether gcc and cc understand -c and -o together
configure:18349: gcc -c conftest.cpp -o conftest2.o >&5
configure:18353: $? = 0
configure:18359: gcc -c conftest.cpp -o conftest2.o >&5
configure:18363: $? = 0
configure:18374: cc -c conftest.cpp >&5
configure:18378: $? = 0
configure:18386: cc -c conftest.cpp -o conftest2.o >&5
configure:18390: $? = 0
configure:18396: cc -c conftest.cpp -o conftest2.o >&5
configure:18400: $? = 0
configure:18418: result: yes
configure:18484: checking for ld used by GCC
configure:18548: result: /usr/bin/ld -m elf_x86_64
configure:18555: checking if the linker (/usr/bin/ld -m elf_x86_64) is GNU ld
configure:18568: result: yes
configure:18575: checking for shared library run path origin
configure:18588: result: done
configure:19096: checking for iconv
configure:19118: g++ -o conftest -g -O2   conftest.cpp  >&5
/tmp/ccWp1Bug.o: In function `main':
/usr/home/songjian/svn/src/smail_dev/src/spam_filter/mailparsev2/libvmime/conftest.cpp:53: undefined reference to `libiconv_open'
/usr/home/songjian/svn/src/smail_dev/src/spam_filter/mailparsev2/libvmime/conftest.cpp:54: undefined reference to `libiconv'
/usr/home/songjian/svn/src/smail_dev/src/spam_filter/mailparsev2/libvmime/conftest.cpp:55: undefined reference to `libiconv_close'
collect2: ld returned 1 exit status
configure:19118: $? = 1
configure: failed program was:
| /* confdefs.h */
| #define PACKAGE_NAME "VMime Library"
| #define PACKAGE_TARNAME "vmime"
| #define PACKAGE_VERSION "0.9.1"
| #define PACKAGE_STRING "VMime Library 0.9.1"
| #define PACKAGE_BUGREPORT "vincent@vincent-richard.net"
| #define PACKAGE_URL ""
| #define PACKAGE "vmime"
| #define VERSION "0.9.1"
| #define STDC_HEADERS 1
| #define HAVE_SYS_TYPES_H 1
| #define HAVE_SYS_STAT_H 1
| #define HAVE_STDLIB_H 1
| #define HAVE_STRING_H 1
| #define HAVE_MEMORY_H 1
| #define HAVE_STRINGS_H 1
| #define HAVE_INTTYPES_H 1
| #define HAVE_STDINT_H 1
| #define HAVE_UNISTD_H 1
| #define HAVE__BOOL 1
| #define HAVE_STDBOOL_H 1
| #define HAVE_DIRENT_H 1
| #define TIME_WITH_SYS_TIME 1
| #define HAVE_DLFCN_H 1
| #define LT_OBJDIR ".libs/"
| #define HAVE_UNISTD_H 1
| #define HAVE_FEATURES_H 1
| #define TIME_WITH_SYS_TIME 1
| #define HAVE_SYS_TIME_H 1
| #define HAVE_PTHREAD_H 1
| #define HAVE_PTHREAD_H 1
| #define HAVE_PTHREAD_NANOSLEEP 1
| #define HAVE_HIRES_TIMER 1
| #define HAVE_MLOCK 1
| #define HAVE_MLOCKALL 1
| #define HAVE_SEMAPHORE_H 1
| #define HAVE_SCHED_H 1
| #define HAVE_SCHED_GETSCHEDULER 1
| #define PTHREAD_MUTEXTYPE_RECURSIVE PTHREAD_MUTEX_RECURSIVE_NP
| #define HAVE_PTHREAD_MUTEXATTR_SETTYPE 1
| #define HAVE_PTHREAD_RWLOCK 1
| #define HAVE_PREAD_PWRITE 1
| #define HAVE_PTHREAD_ATTR_SETSTACKSIZE 1
| #define HAVE_PTHREAD_YIELD 1
| #define HAVE_PTHREAD_CANCEL 1
| #define HAVE_PTHREAD_SETCANCELTYPE 1
| /* end confdefs.h.  */
| #include <stdlib.h>
| #include <iconv.h>
| int
| main ()
| {
| iconv_t cd = iconv_open("","");
|        iconv(cd,NULL,NULL,NULL,NULL);
|        iconv_close(cd);
|   ;
|   return 0;
| }
configure:19140: g++ -o conftest -g -O2   conftest.cpp  -liconv >&5
configure:19140: $? = 0
configure:19150: result: yes
configure:19158: checking how to link with libiconv
configure:19160: result: -liconv
configure:19171: checking for iconv declaration
configure:19200: g++ -c -g -O2  conftest.cpp >&5
configure:19200: $? = 0
configure:19211: result: install-shextern size_t iconv (iconv_t cd, char * *inbuf, size_t *inbytesleft, char * *outbuf, size_t *outbytesleft);
configure:19228: checking if an usable version of iconv exists (required)
configure:19232: result: yes
configure:19241: checking if linker supports global constructors
libtool: compile:  g++ -c mylib.cpp  -fPIC -DPIC -o .libs/mylib.o
libtool: compile:  g++ -c mylib.cpp -o mylib.o >/dev/null 2>&1
libtool: link: g++ -shared -nostdlib /usr/lib/gcc/x86_64-redhat-linux/4.4.4/../../../../lib64/crti.o /usr/lib/gcc/x86_64-redhat-linux/4.4.4/crtbeginS.o  .libs/mylib.o   -L/usr/lib/gcc/x86_64-redhat-linux/4.4.4 -L/usr/lib/gcc/x86_64-redhat-linux/4.4.4/../../../../lib64 -L/lib/../lib64 -L/usr/lib/../lib64 -L/usr/lib/gcc/x86_64-redhat-linux/4.4.4/../../.. -lstdc++ -lm -lc -lgcc_s /usr/lib/gcc/x86_64-redhat-linux/4.4.4/crtendS.o /usr/lib/gcc/x86_64-redhat-linux/4.4.4/../../../../lib64/crtn.o    -Wl,-soname -Wl,libtest.so.0 -o .libs/libtest.so.0.0.0
libtool: link: (cd ".libs" && rm -f "libtest.so.0" && ln -s "libtest.so.0.0.0" "libtest.so.0")
libtool: link: (cd ".libs" && rm -f "libtest.so" && ln -s "libtest.so.0.0.0" "libtest.so")
libtool: link: ar cru .libs/libtest.a  mylib.o
libtool: link: ranlib .libs/libtest.a
libtool: link: ( cd ".libs" && rm -f "libtest.la" && ln -s "../libtest.la" "libtest.la" )
libtool: link: g++ -o .libs/mytest mytest.o  ./.libs/libtest.so -Wl,-rpath -Wl,/
configure:19278: result: yes
configure:19301: checking if C++ compiler supports const_cast<> (required)
configure:19319: g++ -c -g -O2  conftest.cpp >&5
configure:19319: $? = 0
configure:19321: result: yes
configure:19334: checking if C++ compiler supports dynamic_cast<> (required)
configure:19353: g++ -c -g -O2  conftest.cpp >&5
configure:19353: $? = 0
configure:19355: result: yes
configure:19368: checking if C++ compiler supports mutable (required)
configure:19388: g++ -c -g -O2  conftest.cpp >&5
configure:19388: $? = 0
configure:19390: result: yes
configure:19403: checking if C++ compiler supports name spaces (required)
configure:19423: g++ -c -g -O2  conftest.cpp >&5
configure:19423: $? = 0
configure:19425: result: yes
configure:19449: checking whether byte ordering is bigendian
configure:19464: g++ -c -g -O2  conftest.cpp >&5
conftest.cpp:51: error: expected unqualified-id before '!' token
configure:19464: $? = 1
configure: failed program was:
| /* confdefs.h */
| #define PACKAGE_NAME "VMime Library"
| #define PACKAGE_TARNAME "vmime"
| #define PACKAGE_VERSION "0.9.1"
| #define PACKAGE_STRING "VMime Library 0.9.1"
| #define PACKAGE_BUGREPORT "vincent@vincent-richard.net"
| #define PACKAGE_URL ""
| #define PACKAGE "vmime"
| #define VERSION "0.9.1"
| #define STDC_HEADERS 1
| #define HAVE_SYS_TYPES_H 1
| #define HAVE_SYS_STAT_H 1
| #define HAVE_STDLIB_H 1
| #define HAVE_STRING_H 1
| #define HAVE_MEMORY_H 1
| #define HAVE_STRINGS_H 1
| #define HAVE_INTTYPES_H 1
| #define HAVE_STDINT_H 1
| #define HAVE_UNISTD_H 1
| #define HAVE__BOOL 1
| #define HAVE_STDBOOL_H 1
| #define HAVE_DIRENT_H 1
| #define TIME_WITH_SYS_TIME 1
| #define HAVE_DLFCN_H 1
| #define LT_OBJDIR ".libs/"
| #define HAVE_UNISTD_H 1
| #define HAVE_FEATURES_H 1
| #define TIME_WITH_SYS_TIME 1
| #define HAVE_SYS_TIME_H 1
| #define HAVE_PTHREAD_H 1
| #define HAVE_PTHREAD_H 1
| #define HAVE_PTHREAD_NANOSLEEP 1
| #define HAVE_HIRES_TIMER 1
| #define HAVE_MLOCK 1
| #define HAVE_MLOCKALL 1
| #define HAVE_SEMAPHORE_H 1
| #define HAVE_SCHED_H 1
| #define HAVE_SCHED_GETSCHEDULER 1
| #define PTHREAD_MUTEXTYPE_RECURSIVE PTHREAD_MUTEX_RECURSIVE_NP
| #define HAVE_PTHREAD_MUTEXATTR_SETTYPE 1
| #define HAVE_PTHREAD_RWLOCK 1
| #define HAVE_PREAD_PWRITE 1
| #define HAVE_PTHREAD_ATTR_SETSTACKSIZE 1
| #define HAVE_PTHREAD_YIELD 1
| #define HAVE_PTHREAD_CANCEL 1
| #define HAVE_PTHREAD_SETCANCELTYPE 1
| #define HAVE_ICONV 1
| #define ICONV_CONST 
| /* end confdefs.h.  */
| #ifndef __APPLE_CC__
| 	       not a universal capable compiler
| 	     #endif
| 	     typedef int dummy;
| 
configure:19509: g++ -c -g -O2  conftest.cpp >&5
configure:19509: $? = 0
configure:19527: g++ -c -g -O2  conftest.cpp >&5
conftest.cpp: In function 'int main()':
conftest.cpp:57: error: 'big' was not declared in this scope
conftest.cpp:57: error: expected ';' before 'endian'
configure:19527: $? = 1
configure: failed program was:
| /* confdefs.h */
| #define PACKAGE_NAME "VMime Library"
| #define PACKAGE_TARNAME "vmime"
| #define PACKAGE_VERSION "0.9.1"
| #define PACKAGE_STRING "VMime Library 0.9.1"
| #define PACKAGE_BUGREPORT "vincent@vincent-richard.net"
| #define PACKAGE_URL ""
| #define PACKAGE "vmime"
| #define VERSION "0.9.1"
| #define STDC_HEADERS 1
| #define HAVE_SYS_TYPES_H 1
| #define HAVE_SYS_STAT_H 1
| #define HAVE_STDLIB_H 1
| #define HAVE_STRING_H 1
| #define HAVE_MEMORY_H 1
| #define HAVE_STRINGS_H 1
| #define HAVE_INTTYPES_H 1
| #define HAVE_STDINT_H 1
| #define HAVE_UNISTD_H 1
| #define HAVE__BOOL 1
| #define HAVE_STDBOOL_H 1
| #define HAVE_DIRENT_H 1
| #define TIME_WITH_SYS_TIME 1
| #define HAVE_DLFCN_H 1
| #define LT_OBJDIR ".libs/"
| #define HAVE_UNISTD_H 1
| #define HAVE_FEATURES_H 1
| #define TIME_WITH_SYS_TIME 1
| #define HAVE_SYS_TIME_H 1
| #define HAVE_PTHREAD_H 1
| #define HAVE_PTHREAD_H 1
| #define HAVE_PTHREAD_NANOSLEEP 1
| #define HAVE_HIRES_TIMER 1
| #define HAVE_MLOCK 1
| #define HAVE_MLOCKALL 1
| #define HAVE_SEMAPHORE_H 1
| #define HAVE_SCHED_H 1
| #define HAVE_SCHED_GETSCHEDULER 1
| #define PTHREAD_MUTEXTYPE_RECURSIVE PTHREAD_MUTEX_RECURSIVE_NP
| #define HAVE_PTHREAD_MUTEXATTR_SETTYPE 1
| #define HAVE_PTHREAD_RWLOCK 1
| #define HAVE_PREAD_PWRITE 1
| #define HAVE_PTHREAD_ATTR_SETSTACKSIZE 1
| #define HAVE_PTHREAD_YIELD 1
| #define HAVE_PTHREAD_CANCEL 1
| #define HAVE_PTHREAD_SETCANCELTYPE 1
| #define HAVE_ICONV 1
| #define ICONV_CONST 
| /* end confdefs.h.  */
| #include <sys/types.h>
| 		#include <sys/param.h>
| 
| int
| main ()
| {
| #if BYTE_ORDER != BIG_ENDIAN
| 		 not big endian
| 		#endif
| 
|   ;
|   return 0;
| }
configure:19655: result: no
configure:19691: checking size of char
configure:19696: g++ -o conftest -g -O2   conftest.cpp  >&5
configure:19696: $? = 0
configure:19696: ./conftest
configure:19696: $? = 0
configure:19711: result: 1
configure:19725: checking size of short
configure:19730: g++ -o conftest -g -O2   conftest.cpp  >&5
configure:19730: $? = 0
configure:19730: ./conftest
configure:19730: $? = 0
configure:19745: result: 2
configure:19759: checking size of int
configure:19764: g++ -o conftest -g -O2   conftest.cpp  >&5
configure:19764: $? = 0
configure:19764: ./conftest
configure:19764: $? = 0
configure:19779: result: 4
configure:19793: checking size of long
configure:19798: g++ -o conftest -g -O2   conftest.cpp  >&5
configure:19798: $? = 0
configure:19798: ./conftest
configure:19798: $? = 0
configure:19813: result: 8
configure:20475: checking for sendmail
configure:20494: found /usr/sbin/sendmail
configure:20507: result: /usr/sbin/sendmail
configure:20541: checking netdb.h usability
configure:20541: g++ -c -g -O2  conftest.cpp >&5
configure:20541: $? = 0
configure:20541: result: yes
configure:20541: checking netdb.h presence
configure:20541: g++ -E  conftest.cpp
configure:20541: $? = 0
configure:20541: result: yes
configure:20541: checking for netdb.h
configure:20541: result: yes
configure:20541: checking for sys/types.h
configure:20541: result: yes
configure:20541: checking sys/socket.h usability
configure:20541: g++ -c -g -O2  conftest.cpp >&5
configure:20541: $? = 0
configure:20541: result: yes
configure:20541: checking sys/socket.h presence
configure:20541: g++ -E  conftest.cpp
configure:20541: $? = 0
configure:20541: result: yes
configure:20541: checking for sys/socket.h
configure:20541: result: yes
configure:20552: checking for getaddrinfo
configure:20552: g++ -o conftest -g -O2   conftest.cpp  >&5
configure:20552: $? = 0
configure:20552: result: yes
configure:20725: checking for the pthreads library -lpthreads
configure:20758: gcc -o conftest -g -O2    conftest.c -lpthreads  >&5
/usr/bin/ld: cannot find -lpthreads
collect2: ld returned 1 exit status
configure:20758: $? = 1
configure: failed program was:
| /* confdefs.h */
| #define PACKAGE_NAME "VMime Library"
| #define PACKAGE_TARNAME "vmime"
| #define PACKAGE_VERSION "0.9.1"
| #define PACKAGE_STRING "VMime Library 0.9.1"
| #define PACKAGE_BUGREPORT "vincent@vincent-richard.net"
| #define PACKAGE_URL ""
| #define PACKAGE "vmime"
| #define VERSION "0.9.1"
| #define STDC_HEADERS 1
| #define HAVE_SYS_TYPES_H 1
| #define HAVE_SYS_STAT_H 1
| #define HAVE_STDLIB_H 1
| #define HAVE_STRING_H 1
| #define HAVE_MEMORY_H 1
| #define HAVE_STRINGS_H 1
| #define HAVE_INTTYPES_H 1
| #define HAVE_STDINT_H 1
| #define HAVE_UNISTD_H 1
| #define HAVE__BOOL 1
| #define HAVE_STDBOOL_H 1
| #define HAVE_DIRENT_H 1
| #define TIME_WITH_SYS_TIME 1
| #define HAVE_DLFCN_H 1
| #define LT_OBJDIR ".libs/"
| #define HAVE_UNISTD_H 1
| #define HAVE_FEATURES_H 1
| #define TIME_WITH_SYS_TIME 1
| #define HAVE_SYS_TIME_H 1
| #define HAVE_PTHREAD_H 1
| #define HAVE_PTHREAD_H 1
| #define HAVE_PTHREAD_NANOSLEEP 1
| #define HAVE_HIRES_TIMER 1
| #define HAVE_MLOCK 1
| #define HAVE_MLOCKALL 1
| #define HAVE_SEMAPHORE_H 1
| #define HAVE_SCHED_H 1
| #define HAVE_SCHED_GETSCHEDULER 1
| #define PTHREAD_MUTEXTYPE_RECURSIVE PTHREAD_MUTEX_RECURSIVE_NP
| #define HAVE_PTHREAD_MUTEXATTR_SETTYPE 1
| #define HAVE_PTHREAD_RWLOCK 1
| #define HAVE_PREAD_PWRITE 1
| #define HAVE_PTHREAD_ATTR_SETSTACKSIZE 1
| #define HAVE_PTHREAD_YIELD 1
| #define HAVE_PTHREAD_CANCEL 1
| #define HAVE_PTHREAD_SETCANCELTYPE 1
| #define HAVE_ICONV 1
| #define ICONV_CONST 
| #define SIZEOF_CHAR 1
| #define SIZEOF_SHORT 2
| #define SIZEOF_INT 4
| #define SIZEOF_LONG 8
| #define HAVE_NETDB_H 1
| #define HAVE_SYS_TYPES_H 1
| #define HAVE_SYS_SOCKET_H 1
| /* end confdefs.h.  */
| #include <pthread.h>
| int
| main ()
| {
| pthread_t th; pthread_join(th, 0);
|                      pthread_attr_init(0); pthread_cleanup_push(0, 0);
|                      pthread_create(0,0,0,0); pthread_cleanup_pop(0);
|   ;
|   return 0;
| }
configure:20767: result: no
configure:20670: checking whether pthreads work without any flags
configure:20758: gcc -o conftest -g -O2    conftest.c   >&5
/tmp/cce07hVx.o: In function `main':
/usr/home/songjian/svn/src/smail_dev/src/spam_filter/mailparsev2/libvmime/conftest.c:61: undefined reference to `pthread_join'
/usr/home/songjian/svn/src/smail_dev/src/spam_filter/mailparsev2/libvmime/conftest.c:62: undefined reference to `__pthread_register_cancel'
/usr/home/songjian/svn/src/smail_dev/src/spam_filter/mailparsev2/libvmime/conftest.c:63: undefined reference to `pthread_create'
/usr/home/songjian/svn/src/smail_dev/src/spam_filter/mailparsev2/libvmime/conftest.c:63: undefined reference to `__pthread_unregister_cancel'
collect2: ld returned 1 exit status
configure:20758: $? = 1
configure: failed program was:
| /* confdefs.h */
| #define PACKAGE_NAME "VMime Library"
| #define PACKAGE_TARNAME "vmime"
| #define PACKAGE_VERSION "0.9.1"
| #define PACKAGE_STRING "VMime Library 0.9.1"
| #define PACKAGE_BUGREPORT "vincent@vincent-richard.net"
| #define PACKAGE_URL ""
| #define PACKAGE "vmime"
| #define VERSION "0.9.1"
| #define STDC_HEADERS 1
| #define HAVE_SYS_TYPES_H 1
| #define HAVE_SYS_STAT_H 1
| #define HAVE_STDLIB_H 1
| #define HAVE_STRING_H 1
| #define HAVE_MEMORY_H 1
| #define HAVE_STRINGS_H 1
| #define HAVE_INTTYPES_H 1
| #define HAVE_STDINT_H 1
| #define HAVE_UNISTD_H 1
| #define HAVE__BOOL 1
| #define HAVE_STDBOOL_H 1
| #define HAVE_DIRENT_H 1
| #define TIME_WITH_SYS_TIME 1
| #define HAVE_DLFCN_H 1
| #define LT_OBJDIR ".libs/"
| #define HAVE_UNISTD_H 1
| #define HAVE_FEATURES_H 1
| #define TIME_WITH_SYS_TIME 1
| #define HAVE_SYS_TIME_H 1
| #define HAVE_PTHREAD_H 1
| #define HAVE_PTHREAD_H 1
| #define HAVE_PTHREAD_NANOSLEEP 1
| #define HAVE_HIRES_TIMER 1
| #define HAVE_MLOCK 1
| #define HAVE_MLOCKALL 1
| #define HAVE_SEMAPHORE_H 1
| #define HAVE_SCHED_H 1
| #define HAVE_SCHED_GETSCHEDULER 1
| #define PTHREAD_MUTEXTYPE_RECURSIVE PTHREAD_MUTEX_RECURSIVE_NP
| #define HAVE_PTHREAD_MUTEXATTR_SETTYPE 1
| #define HAVE_PTHREAD_RWLOCK 1
| #define HAVE_PREAD_PWRITE 1
| #define HAVE_PTHREAD_ATTR_SETSTACKSIZE 1
| #define HAVE_PTHREAD_YIELD 1
| #define HAVE_PTHREAD_CANCEL 1
| #define HAVE_PTHREAD_SETCANCELTYPE 1
| #define HAVE_ICONV 1
| #define ICONV_CONST 
| #define SIZEOF_CHAR 1
| #define SIZEOF_SHORT 2
| #define SIZEOF_INT 4
| #define SIZEOF_LONG 8
| #define HAVE_NETDB_H 1
| #define HAVE_SYS_TYPES_H 1
| #define HAVE_SYS_SOCKET_H 1
| /* end confdefs.h.  */
| #include <pthread.h>
| int
| main ()
| {
| pthread_t th; pthread_join(th, 0);
|                      pthread_attr_init(0); pthread_cleanup_push(0, 0);
|                      pthread_create(0,0,0,0); pthread_cleanup_pop(0);
|   ;
|   return 0;
| }
configure:20767: result: no
configure:20675: checking whether pthreads work with -Kthread
configure:20758: gcc -o conftest -g -O2 -Kthread   conftest.c   >&5
gcc: unrecognized option '-Kthread'
/tmp/ccgcm8XE.o: In function `main':
/usr/home/songjian/svn/src/smail_dev/src/spam_filter/mailparsev2/libvmime/conftest.c:61: undefined reference to `pthread_join'
/usr/home/songjian/svn/src/smail_dev/src/spam_filter/mailparsev2/libvmime/conftest.c:62: undefined reference to `__pthread_register_cancel'
/usr/home/songjian/svn/src/smail_dev/src/spam_filter/mailparsev2/libvmime/conftest.c:63: undefined reference to `pthread_create'
/usr/home/songjian/svn/src/smail_dev/src/spam_filter/mailparsev2/libvmime/conftest.c:63: undefined reference to `__pthread_unregister_cancel'
collect2: ld returned 1 exit status
configure:20758: $? = 1
configure: failed program was:
| /* confdefs.h */
| #define PACKAGE_NAME "VMime Library"
| #define PACKAGE_TARNAME "vmime"
| #define PACKAGE_VERSION "0.9.1"
| #define PACKAGE_STRING "VMime Library 0.9.1"
| #define PACKAGE_BUGREPORT "vincent@vincent-richard.net"
| #define PACKAGE_URL ""
| #define PACKAGE "vmime"
| #define VERSION "0.9.1"
| #define STDC_HEADERS 1
| #define HAVE_SYS_TYPES_H 1
| #define HAVE_SYS_STAT_H 1
| #define HAVE_STDLIB_H 1
| #define HAVE_STRING_H 1
| #define HAVE_MEMORY_H 1
| #define HAVE_STRINGS_H 1
| #define HAVE_INTTYPES_H 1
| #define HAVE_STDINT_H 1
| #define HAVE_UNISTD_H 1
| #define HAVE__BOOL 1
| #define HAVE_STDBOOL_H 1
| #define HAVE_DIRENT_H 1
| #define TIME_WITH_SYS_TIME 1
| #define HAVE_DLFCN_H 1
| #define LT_OBJDIR ".libs/"
| #define HAVE_UNISTD_H 1
| #define HAVE_FEATURES_H 1
| #define TIME_WITH_SYS_TIME 1
| #define HAVE_SYS_TIME_H 1
| #define HAVE_PTHREAD_H 1
| #define HAVE_PTHREAD_H 1
| #define HAVE_PTHREAD_NANOSLEEP 1
| #define HAVE_HIRES_TIMER 1
| #define HAVE_MLOCK 1
| #define HAVE_MLOCKALL 1
| #define HAVE_SEMAPHORE_H 1
| #define HAVE_SCHED_H 1
| #define HAVE_SCHED_GETSCHEDULER 1
| #define PTHREAD_MUTEXTYPE_RECURSIVE PTHREAD_MUTEX_RECURSIVE_NP
| #define HAVE_PTHREAD_MUTEXATTR_SETTYPE 1
| #define HAVE_PTHREAD_RWLOCK 1
| #define HAVE_PREAD_PWRITE 1
| #define HAVE_PTHREAD_ATTR_SETSTACKSIZE 1
| #define HAVE_PTHREAD_YIELD 1
| #define HAVE_PTHREAD_CANCEL 1
| #define HAVE_PTHREAD_SETCANCELTYPE 1
| #define HAVE_ICONV 1
| #define ICONV_CONST 
| #define SIZEOF_CHAR 1
| #define SIZEOF_SHORT 2
| #define SIZEOF_INT 4
| #define SIZEOF_LONG 8
| #define HAVE_NETDB_H 1
| #define HAVE_SYS_TYPES_H 1
| #define HAVE_SYS_SOCKET_H 1
| /* end confdefs.h.  */
| #include <pthread.h>
| int
| main ()
| {
| pthread_t th; pthread_join(th, 0);
|                      pthread_attr_init(0); pthread_cleanup_push(0, 0);
|                      pthread_create(0,0,0,0); pthread_cleanup_pop(0);
|   ;
|   return 0;
| }
configure:20767: result: no
configure:20675: checking whether pthreads work with -kthread
configure:20758: gcc -o conftest -g -O2 -kthread   conftest.c   >&5
gcc: unrecognized option '-kthread'
/tmp/cce7wRAN.o: In function `main':
/usr/home/songjian/svn/src/smail_dev/src/spam_filter/mailparsev2/libvmime/conftest.c:61: undefined reference to `pthread_join'
/usr/home/songjian/svn/src/smail_dev/src/spam_filter/mailparsev2/libvmime/conftest.c:62: undefined reference to `__pthread_register_cancel'
/usr/home/songjian/svn/src/smail_dev/src/spam_filter/mailparsev2/libvmime/conftest.c:63: undefined reference to `pthread_create'
/usr/home/songjian/svn/src/smail_dev/src/spam_filter/mailparsev2/libvmime/conftest.c:63: undefined reference to `__pthread_unregister_cancel'
collect2: ld returned 1 exit status
configure:20758: $? = 1
configure: failed program was:
| /* confdefs.h */
| #define PACKAGE_NAME "VMime Library"
| #define PACKAGE_TARNAME "vmime"
| #define PACKAGE_VERSION "0.9.1"
| #define PACKAGE_STRING "VMime Library 0.9.1"
| #define PACKAGE_BUGREPORT "vincent@vincent-richard.net"
| #define PACKAGE_URL ""
| #define PACKAGE "vmime"
| #define VERSION "0.9.1"
| #define STDC_HEADERS 1
| #define HAVE_SYS_TYPES_H 1
| #define HAVE_SYS_STAT_H 1
| #define HAVE_STDLIB_H 1
| #define HAVE_STRING_H 1
| #define HAVE_MEMORY_H 1
| #define HAVE_STRINGS_H 1
| #define HAVE_INTTYPES_H 1
| #define HAVE_STDINT_H 1
| #define HAVE_UNISTD_H 1
| #define HAVE__BOOL 1
| #define HAVE_STDBOOL_H 1
| #define HAVE_DIRENT_H 1
| #define TIME_WITH_SYS_TIME 1
| #define HAVE_DLFCN_H 1
| #define LT_OBJDIR ".libs/"
| #define HAVE_UNISTD_H 1
| #define HAVE_FEATURES_H 1
| #define TIME_WITH_SYS_TIME 1
| #define HAVE_SYS_TIME_H 1
| #define HAVE_PTHREAD_H 1
| #define HAVE_PTHREAD_H 1
| #define HAVE_PTHREAD_NANOSLEEP 1
| #define HAVE_HIRES_TIMER 1
| #define HAVE_MLOCK 1
| #define HAVE_MLOCKALL 1
| #define HAVE_SEMAPHORE_H 1
| #define HAVE_SCHED_H 1
| #define HAVE_SCHED_GETSCHEDULER 1
| #define PTHREAD_MUTEXTYPE_RECURSIVE PTHREAD_MUTEX_RECURSIVE_NP
| #define HAVE_PTHREAD_MUTEXATTR_SETTYPE 1
| #define HAVE_PTHREAD_RWLOCK 1
| #define HAVE_PREAD_PWRITE 1
| #define HAVE_PTHREAD_ATTR_SETSTACKSIZE 1
| #define HAVE_PTHREAD_YIELD 1
| #define HAVE_PTHREAD_CANCEL 1
| #define HAVE_PTHREAD_SETCANCELTYPE 1
| #define HAVE_ICONV 1
| #define ICONV_CONST 
| #define SIZEOF_CHAR 1
| #define SIZEOF_SHORT 2
| #define SIZEOF_INT 4
| #define SIZEOF_LONG 8
| #define HAVE_NETDB_H 1
| #define HAVE_SYS_TYPES_H 1
| #define HAVE_SYS_SOCKET_H 1
| /* end confdefs.h.  */
| #include <pthread.h>
| int
| main ()
| {
| pthread_t th; pthread_join(th, 0);
|                      pthread_attr_init(0); pthread_cleanup_push(0, 0);
|                      pthread_create(0,0,0,0); pthread_cleanup_pop(0);
|   ;
|   return 0;
| }
configure:20767: result: no
configure:20725: checking for the pthreads library -llthread
configure:20758: gcc -o conftest -g -O2    conftest.c -llthread  >&5
/usr/bin/ld: cannot find -llthread
collect2: ld returned 1 exit status
configure:20758: $? = 1
configure: failed program was:
| /* confdefs.h */
| #define PACKAGE_NAME "VMime Library"
| #define PACKAGE_TARNAME "vmime"
| #define PACKAGE_VERSION "0.9.1"
| #define PACKAGE_STRING "VMime Library 0.9.1"
| #define PACKAGE_BUGREPORT "vincent@vincent-richard.net"
| #define PACKAGE_URL ""
| #define PACKAGE "vmime"
| #define VERSION "0.9.1"
| #define STDC_HEADERS 1
| #define HAVE_SYS_TYPES_H 1
| #define HAVE_SYS_STAT_H 1
| #define HAVE_STDLIB_H 1
| #define HAVE_STRING_H 1
| #define HAVE_MEMORY_H 1
| #define HAVE_STRINGS_H 1
| #define HAVE_INTTYPES_H 1
| #define HAVE_STDINT_H 1
| #define HAVE_UNISTD_H 1
| #define HAVE__BOOL 1
| #define HAVE_STDBOOL_H 1
| #define HAVE_DIRENT_H 1
| #define TIME_WITH_SYS_TIME 1
| #define HAVE_DLFCN_H 1
| #define LT_OBJDIR ".libs/"
| #define HAVE_UNISTD_H 1
| #define HAVE_FEATURES_H 1
| #define TIME_WITH_SYS_TIME 1
| #define HAVE_SYS_TIME_H 1
| #define HAVE_PTHREAD_H 1
| #define HAVE_PTHREAD_H 1
| #define HAVE_PTHREAD_NANOSLEEP 1
| #define HAVE_HIRES_TIMER 1
| #define HAVE_MLOCK 1
| #define HAVE_MLOCKALL 1
| #define HAVE_SEMAPHORE_H 1
| #define HAVE_SCHED_H 1
| #define HAVE_SCHED_GETSCHEDULER 1
| #define PTHREAD_MUTEXTYPE_RECURSIVE PTHREAD_MUTEX_RECURSIVE_NP
| #define HAVE_PTHREAD_MUTEXATTR_SETTYPE 1
| #define HAVE_PTHREAD_RWLOCK 1
| #define HAVE_PREAD_PWRITE 1
| #define HAVE_PTHREAD_ATTR_SETSTACKSIZE 1
| #define HAVE_PTHREAD_YIELD 1
| #define HAVE_PTHREAD_CANCEL 1
| #define HAVE_PTHREAD_SETCANCELTYPE 1
| #define HAVE_ICONV 1
| #define ICONV_CONST 
| #define SIZEOF_CHAR 1
| #define SIZEOF_SHORT 2
| #define SIZEOF_INT 4
| #define SIZEOF_LONG 8
| #define HAVE_NETDB_H 1
| #define HAVE_SYS_TYPES_H 1
| #define HAVE_SYS_SOCKET_H 1
| /* end confdefs.h.  */
| #include <pthread.h>
| int
| main ()
| {
| pthread_t th; pthread_join(th, 0);
|                      pthread_attr_init(0); pthread_cleanup_push(0, 0);
|                      pthread_create(0,0,0,0); pthread_cleanup_pop(0);
|   ;
|   return 0;
| }
configure:20767: result: no
configure:20675: checking whether pthreads work with -pthread
configure:20758: gcc -o conftest -g -O2 -pthread   conftest.c   >&5
configure:20758: $? = 0
configure:20767: result: yes
configure:20786: checking for joinable pthread attribute
configure:20801: gcc -o conftest -g -O2 -pthread   conftest.c   >&5
configure:20801: $? = 0
configure:20807: result: PTHREAD_CREATE_JOINABLE
configure:20817: checking if more special flags are required for pthreads
configure:20824: result: no
configure:20836: checking for cc_r
configure:20864: result: gcc
configure:21051: checking whether cc accepts -O2
configure:21064: g++ -c  -O2  conftest.cpp >&5
configure:21064: $? = 0
configure:21084: checking whether cc accepts -ansi
configure:21097: g++ -c  -O2  conftest.cpp >&5
configure:21097: $? = 0
configure:21107: checking whether cc accepts -pedantic
configure:21120: g++ -c  -O2  conftest.cpp >&5
configure:21120: $? = 0
configure:21130: checking whether cc accepts -W
configure:21143: g++ -c  -O2  conftest.cpp >&5
configure:21143: $? = 0
configure:21153: checking whether cc accepts -Wall
configure:21166: g++ -c  -O2  conftest.cpp >&5
configure:21166: $? = 0
configure:21176: checking whether cc accepts -Wpointer-arith
configure:21189: g++ -c  -O2  conftest.cpp >&5
configure:21189: $? = 0
configure:21199: checking whether cc accepts -Wold-style-cast
configure:21212: g++ -c  -O2  conftest.cpp >&5
configure:21212: $? = 0
configure:21222: checking whether cc accepts -Wconversion
configure:21235: g++ -c  -O2  conftest.cpp >&5
configure:21235: $? = 0
configure:21482: creating ./config.status

## ---------------------- ##
## Running config.status. ##
## ---------------------- ##

This file was extended by VMime Library config.status 0.9.1, which was
generated by GNU Autoconf 2.65.  Invocation command line was

  CONFIG_FILES    = 
  CONFIG_HEADERS  = 
  CONFIG_LINKS    = 
  CONFIG_COMMANDS = 
  $ ./config.status 

on smaildev.fmail.tg.sinanode.com

config.status:1226: creating vmime.pc
config.status:1226: creating Makefile
config.status:1226: creating src/Makefile
config.status:1226: creating vmime/Makefile
config.status:1226: creating config.h
config.status:1398: config.h is unchanged
config.status:1446: executing depfiles commands
config.status:1446: executing libtool commands
configure:24068: result:
+=================+
|  CONFIGURATION  |
+=================+

Installation prefix      : /usr/local
Debugging mode           : no
Messaging support        : yes
     * protocols         :
File-system support      : yes
Platform handlers        : posix
SASL support             : no
TLS/SSL support          : no

Please check 'vmime/config.hpp' to ensure the configuration is correct.


## ---------------- ##
## Cache variables. ##
## ---------------- ##

ac_cv_build=x86_64-unknown-linux-gnu
ac_cv_c_bigendian=no
ac_cv_c_compiler_gnu=yes
ac_cv_c_const=yes
ac_cv_c_inline=inline
ac_cv_cxx_compiler_gnu=yes
ac_cv_env_CCC_set=
ac_cv_env_CCC_value=
ac_cv_env_CC_set=
ac_cv_env_CC_value=
ac_cv_env_CFLAGS_set=
ac_cv_env_CFLAGS_value=
ac_cv_env_CPPFLAGS_set=
ac_cv_env_CPPFLAGS_value=
ac_cv_env_CPP_set=
ac_cv_env_CPP_value=
ac_cv_env_CXXCPP_set=
ac_cv_env_CXXCPP_value=
ac_cv_env_CXXFLAGS_set=
ac_cv_env_CXXFLAGS_value=
ac_cv_env_CXX_set=
ac_cv_env_CXX_value=
ac_cv_env_LDFLAGS_set=
ac_cv_env_LDFLAGS_value=
ac_cv_env_LIBGNUTLS_CFLAGS_set=
ac_cv_env_LIBGNUTLS_CFLAGS_value=
ac_cv_env_LIBGNUTLS_LIBS_set=
ac_cv_env_LIBGNUTLS_LIBS_value=
ac_cv_env_LIBS_set=
ac_cv_env_LIBS_value=
ac_cv_env_PKG_CONFIG_LIBDIR_set=
ac_cv_env_PKG_CONFIG_LIBDIR_value=
ac_cv_env_PKG_CONFIG_PATH_set=
ac_cv_env_PKG_CONFIG_PATH_value=
ac_cv_env_PKG_CONFIG_set=
ac_cv_env_PKG_CONFIG_value=
ac_cv_env_build_alias_set=
ac_cv_env_build_alias_value=
ac_cv_env_host_alias_set=
ac_cv_env_host_alias_value=
ac_cv_env_target_alias_set=
ac_cv_env_target_alias_value=
ac_cv_func_getaddrinfo=yes
ac_cv_func_sched_getscheduler=yes
ac_cv_header_bits_atomicity_h=no
ac_cv_header_dirent_dirent_h=yes
ac_cv_header_dlfcn_h=yes
ac_cv_header_features_h=yes
ac_cv_header_inttypes_h=yes
ac_cv_header_memory_h=yes
ac_cv_header_netdb_h=yes
ac_cv_header_pthread_h=yes
ac_cv_header_pthread_np_h=no
ac_cv_header_sched_h=yes
ac_cv_header_semaphore_h=yes
ac_cv_header_stdbool_h=yes
ac_cv_header_stdc=yes
ac_cv_header_stdint_h=yes
ac_cv_header_stdlib_h=yes
ac_cv_header_string_h=yes
ac_cv_header_strings_h=yes
ac_cv_header_sys_atomic_h=no
ac_cv_header_sys_atomic_op_h=no
ac_cv_header_sys_sched_h=no
ac_cv_header_sys_socket_h=yes
ac_cv_header_sys_stat_h=yes
ac_cv_header_sys_time_h=yes
ac_cv_header_sys_types_h=yes
ac_cv_header_thread_h=no
ac_cv_header_time=yes
ac_cv_header_unistd_h=yes
ac_cv_host=x86_64-unknown-linux-gnu
ac_cv_lib_c_pread=yes
ac_cv_lib_pthread___nanosleep=yes
ac_cv_lib_pthread___pthread_attr_setstacksize=yes
ac_cv_lib_pthread___pthread_cancel=yes
ac_cv_lib_pthread___pthread_delay_np=no
ac_cv_lib_pthread___pthread_mach_thread_np=no
ac_cv_lib_pthread___pthread_mutexattr_settype=yes
ac_cv_lib_pthread___pthread_rwlock_init=yes
ac_cv_lib_pthread___pthread_setcanceltype=yes
ac_cv_lib_pthread___pthread_suspend=no
ac_cv_lib_pthread___pthread_yield=yes
ac_cv_lib_pthread___pthread_yield_np=no
ac_cv_lib_pthread_pthread_self=yes
ac_cv_lib_rt_clock_gettime=yes
ac_cv_lib_rt_mlockall=yes
ac_cv_objext=o
ac_cv_path_EGREP='/bin/grep -E'
ac_cv_path_FGREP='/bin/grep -F'
ac_cv_path_GREP=/bin/grep
ac_cv_path_SED=/bin/sed
ac_cv_path_SENDMAIL=/usr/sbin/sendmail
ac_cv_path_install='/usr/bin/install -c'
ac_cv_path_mkdir=/bin/mkdir
ac_cv_prog_AWK=gawk
ac_cv_prog_CPP='gcc -E'
ac_cv_prog_CXXCPP='g++ -E'
ac_cv_prog_PTHREAD_CC=gcc
ac_cv_prog_ac_ct_AR=ar
ac_cv_prog_ac_ct_CC=gcc
ac_cv_prog_ac_ct_CXX=g++
ac_cv_prog_ac_ct_OBJDUMP=objdump
ac_cv_prog_ac_ct_RANLIB=ranlib
ac_cv_prog_ac_ct_STRIP=strip
ac_cv_prog_cc_c89=
ac_cv_prog_cc_g=yes
ac_cv_prog_cc_gcc_c_o=yes
ac_cv_prog_cxx_g=yes
ac_cv_prog_make_make_set=yes
ac_cv_search_opendir='none required'
ac_cv_search_strerror='none required'
ac_cv_sizeof_char=1
ac_cv_sizeof_int=4
ac_cv_sizeof_long=8
ac_cv_sizeof_short=2
ac_cv_target=x86_64-unknown-linux-gnu
ac_cv_type__Bool=yes
acl_cv_path_LD='/usr/bin/ld -m elf_x86_64'
acl_cv_prog_gnu_ld=yes
acl_cv_rpath=done
am_cv_CC_dependencies_compiler_type=none
am_cv_CXX_dependencies_compiler_type=none
am_cv_func_iconv=yes
am_cv_lib_iconv=yes
am_cv_proto_iconv='extern size_t iconv (iconv_t cd, char * *inbuf, size_t *inbytesleft, char * *outbuf, size_t *outbytesleft);'
am_cv_proto_iconv_arg1=
lt_cv_archive_cmds_need_lc=no
lt_cv_deplibs_check_method=pass_all
lt_cv_file_magic_cmd='$MAGIC_CMD'
lt_cv_file_magic_test_file=
lt_cv_ld_reload_flag=-r
lt_cv_nm_interface='BSD nm'
lt_cv_objdir=.libs
lt_cv_path_LD=/usr/bin/ld
lt_cv_path_LDCXX='/usr/bin/ld -m elf_x86_64'
lt_cv_path_NM='/usr/bin/nm -B'
lt_cv_prog_compiler_c_o=yes
lt_cv_prog_compiler_c_o_CXX=yes
lt_cv_prog_compiler_pic_works=yes
lt_cv_prog_compiler_pic_works_CXX=yes
lt_cv_prog_compiler_rtti_exceptions=no
lt_cv_prog_compiler_static_works=no
lt_cv_prog_compiler_static_works_CXX=no
lt_cv_prog_gnu_ld=yes
lt_cv_prog_gnu_ldcxx=yes
lt_cv_shlibpath_overrides_runpath=no
lt_cv_sys_global_symbol_pipe='sed -n -e '\''s/^.*[	 ]\([ABCDGIRSTW][ABCDGIRSTW]*\)[	 ][	 ]*\([_A-Za-z][_A-Za-z0-9]*\)$/\1 \2 \2/p'\'''
lt_cv_sys_global_symbol_to_c_name_address='sed -n -e '\''s/^: \([^ ]*\) $/  {\"\1\", (void *) 0},/p'\'' -e '\''s/^[ABCDGIRSTW]* \([^ ]*\) \([^ ]*\)$/  {"\2", (void *) \&\2},/p'\'''
lt_cv_sys_global_symbol_to_c_name_address_lib_prefix='sed -n -e '\''s/^: \([^ ]*\) $/  {\"\1\", (void *) 0},/p'\'' -e '\''s/^[ABCDGIRSTW]* \([^ ]*\) \(lib[^ ]*\)$/  {"\2", (void *) \&\2},/p'\'' -e '\''s/^[ABCDGIRSTW]* \([^ ]*\) \([^ ]*\)$/  {"lib\2", (void *) \&\2},/p'\'''
lt_cv_sys_global_symbol_to_cdecl='sed -n -e '\''s/^T .* \(.*\)$/extern int \1();/p'\'' -e '\''s/^[ABCDGIRSTW]* .* \(.*\)$/extern char \1;/p'\'''
lt_cv_sys_max_cmd_len=1966080
ost_cv_bits_atomicity=no
ost_cv_cxx_mode=false
ost_cv_mutex_recursive=linux
ost_cv_posix_atomic=no
ost_cv_posix_sys_atomic=no
ost_cv_posix_threads=yes
ost_cv_rt_library=-lrt
ost_cv_sys_posix1=yes
ost_cv_thread_flags=-pthread
ost_cv_thread_library=pthread
ost_cv_thread_rwlock=true

## ----------------- ##
## Output variables. ##
## ----------------- ##

ACLOCAL='${SHELL} /usr/home/songjian/svn/src/smail_dev/src/spam_filter/mailparsev2/libvmime/autotools/missing --run aclocal-1.11'
AMDEPBACKSLASH='\'
AMDEP_FALSE='#'
AMDEP_TRUE=''
AMTAR='${SHELL} /usr/home/songjian/svn/src/smail_dev/src/spam_filter/mailparsev2/libvmime/autotools/missing --run tar'
AR='ar'
AUTOCONF='${SHELL} /usr/home/songjian/svn/src/smail_dev/src/spam_filter/mailparsev2/libvmime/autotools/missing --run autoconf'
AUTOHEADER='${SHELL} /usr/home/songjian/svn/src/smail_dev/src/spam_filter/mailparsev2/libvmime/autotools/missing --run autoheader'
AUTOMAKE='${SHELL} /usr/home/songjian/svn/src/smail_dev/src/spam_filter/mailparsev2/libvmime/autotools/missing --run automake-1.11'
AWK='gawk'
CC='gcc'
CCDEPMODE='depmode=none'
CFLAGS=''
CPP='gcc -E'
CPPFLAGS=''
CXX='g++'
CXXCPP='g++ -E'
CXXDEPMODE='depmode=none'
CXXFLAGS=' -O2'
CYGPATH_W='echo'
DEFS='-DHAVE_CONFIG_H'
DEPDIR='.deps'
DSYMUTIL=''
DUMPBIN=''
ECHO_C=''
ECHO_N='-n'
ECHO_T=''
EGREP='/bin/grep -E'
EXEEXT=''
EXTRA_CFLAGS='-D_REENTRANT=1 -D_THREAD_SAFE=1 -fPIC -DPIC -ansi -pedantic -W -Wall -Wpointer-arith -Wold-style-cast -Wconversion  '
EXTRA_LIBS=''
FGREP='/bin/grep -F'
GENERIC_LIBRARY_NAME='vmime'
GENERIC_VERSIONED_LIBRARY_NAME='vmime'
GREP='/bin/grep'
GSASL_AVAIL_LIBS=''
GSASL_AVAIL_REQUIRED=''
GSASL_LIBS=''
GSASL_REQUIRED=''
INSTALL_DATA='${INSTALL} -m 644'
INSTALL_PROGRAM='${INSTALL}'
INSTALL_SCRIPT='${INSTALL}'
INSTALL_STRIP_PROGRAM='$(install_sh) -c -s'
LD='/usr/bin/ld -m elf_x86_64'
LDFLAGS=''
LIBGNUTLS_CFLAGS=''
LIBGNUTLS_LIBS=''
LIBICONV='-liconv'
LIBOBJS=''
LIBRARY_LD_FLAGS='$(top_builddir)/src/$(LIBRARY_NAME).la'
LIBRARY_NAME='libvmime'
LIBRARY_RELEASE='0'
LIBRARY_VERSION='0:0:0'
LIBS=''
LIBTOOL='$(SHELL) $(top_builddir)/libtool'
LIPO=''
LN_S='ln -s'
LTLIBICONV='-liconv'
LTLIBOBJS=''
MAINT='#'
MAINTAINER_MODE_FALSE=''
MAINTAINER_MODE_TRUE='#'
MAKEINFO='${SHELL} /usr/home/songjian/svn/src/smail_dev/src/spam_filter/mailparsev2/libvmime/autotools/missing --run makeinfo'
MKDIR_P='/bin/mkdir -p'
NM='/usr/bin/nm -B'
NMEDIT=''
OBJDUMP='objdump'
OBJEXT='o'
OTOOL64=''
OTOOL=''
PACKAGE='vmime'
PACKAGE_BUGREPORT='vincent@vincent-richard.net'
PACKAGE_NAME='VMime Library'
PACKAGE_STRING='VMime Library 0.9.1'
PACKAGE_TARNAME='vmime'
PACKAGE_URL=''
PACKAGE_VERSION='0.9.1'
PATH_SEPARATOR=':'
PKGCONFIG_CFLAGS=''
PKGCONFIG_LIBS=''
PKG_CONFIG=''
PKG_CONFIG_LIBDIR=''
PKG_CONFIG_PATH=''
PTHREAD_CC='gcc'
PTHREAD_CFLAGS='-pthread'
PTHREAD_LIBS=''
RANLIB='ranlib'
SED='/bin/sed'
SENDMAIL='/usr/sbin/sendmail'
SET_MAKE=''
SHELL='/bin/sh'
STRIP='strip'
THREAD_FLAGS=''
THREAD_LIBS=' -lrt -pthread'
VERSION='0.9.1'
VMIME_ADDITIONAL_PC_LIBS=''
VMIME_BUILTIN_MESSAGING_PROTO_IMAP_FALSE=''
VMIME_BUILTIN_MESSAGING_PROTO_IMAP_TRUE='#'
VMIME_BUILTIN_MESSAGING_PROTO_MAILDIR_FALSE=''
VMIME_BUILTIN_MESSAGING_PROTO_MAILDIR_TRUE='#'
VMIME_BUILTIN_MESSAGING_PROTO_POP3_FALSE=''
VMIME_BUILTIN_MESSAGING_PROTO_POP3_TRUE='#'
VMIME_BUILTIN_MESSAGING_PROTO_SENDMAIL_FALSE=''
VMIME_BUILTIN_MESSAGING_PROTO_SENDMAIL_TRUE='#'
VMIME_BUILTIN_MESSAGING_PROTO_SMTP_FALSE=''
VMIME_BUILTIN_MESSAGING_PROTO_SMTP_TRUE='#'
VMIME_BUILTIN_PLATFORM_POSIX_FALSE='#'
VMIME_BUILTIN_PLATFORM_POSIX_TRUE=''
VMIME_BUILTIN_PLATFORM_WINDOWS_FALSE=''
VMIME_BUILTIN_PLATFORM_WINDOWS_TRUE='#'
VMIME_DEBUG_FALSE=''
VMIME_DEBUG_TRUE='#'
VMIME_HAVE_MESSAGING_FEATURES_FALSE='#'
VMIME_HAVE_MESSAGING_FEATURES_TRUE=''
VMIME_HAVE_SASL_SUPPORT_FALSE=''
VMIME_HAVE_SASL_SUPPORT_TRUE='#'
VMIME_HAVE_TLS_SUPPORT_FALSE=''
VMIME_HAVE_TLS_SUPPORT_TRUE='#'
VMIME_PKGCONFIGDIR='$(libdir)/pkgconfig'
ac_ct_CC='gcc'
ac_ct_CXX='g++'
ac_ct_DUMPBIN=''
acx_pthread_config=''
am__EXEEXT_FALSE=''
am__EXEEXT_TRUE='#'
am__fastdepCC_FALSE=''
am__fastdepCC_TRUE='#'
am__fastdepCXX_FALSE=''
am__fastdepCXX_TRUE='#'
am__include='include'
am__isrc=''
am__leading_dot='.'
am__quote=''
am__tar='${AMTAR} chof - "$$tardir"'
am__untar='${AMTAR} xf -'
bindir='${exec_prefix}/bin'
build='x86_64-unknown-linux-gnu'
build_alias=''
build_cpu='x86_64'
build_os='linux-gnu'
build_vendor='unknown'
datadir='${datarootdir}'
datarootdir='${prefix}/share'
docdir='${datarootdir}/doc/${PACKAGE_TARNAME}'
dvidir='${docdir}'
exec_prefix='${prefix}'
host='x86_64-unknown-linux-gnu'
host_alias=''
host_cpu='x86_64'
host_os='linux-gnu'
host_vendor='unknown'
htmldir='${docdir}'
includedir='${prefix}/include'
infodir='${datarootdir}/info'
install_sh='${SHELL} /usr/home/songjian/svn/src/smail_dev/src/spam_filter/mailparsev2/libvmime/autotools/install-sh'
libdir='${exec_prefix}/lib'
libexecdir='${exec_prefix}/libexec'
localedir='${datarootdir}/locale'
localstatedir='${prefix}/var'
mandir='${datarootdir}/man'
mkdir_p='/bin/mkdir -p'
oldincludedir='/usr/include'
pdfdir='${docdir}'
prefix='/usr/local'
program_transform_name='s,x,x,'
psdir='${docdir}'
sbindir='${exec_prefix}/sbin'
sharedstatedir='${prefix}/com'
sysconfdir='${prefix}/etc'
target='x86_64-unknown-linux-gnu'
target_alias=''
target_cpu='x86_64'
target_os='linux-gnu'
target_vendor='unknown'
thrprefix='/usr/include'

## ----------- ##
## confdefs.h. ##
## ----------- ##

/* confdefs.h */
#define PACKAGE_NAME "VMime Library"
#define PACKAGE_TARNAME "vmime"
#define PACKAGE_VERSION "0.9.1"
#define PACKAGE_STRING "VMime Library 0.9.1"
#define PACKAGE_BUGREPORT "vincent@vincent-richard.net"
#define PACKAGE_URL ""
#define PACKAGE "vmime"
#define VERSION "0.9.1"
#define STDC_HEADERS 1
#define HAVE_SYS_TYPES_H 1
#define HAVE_SYS_STAT_H 1
#define HAVE_STDLIB_H 1
#define HAVE_STRING_H 1
#define HAVE_MEMORY_H 1
#define HAVE_STRINGS_H 1
#define HAVE_INTTYPES_H 1
#define HAVE_STDINT_H 1
#define HAVE_UNISTD_H 1
#define HAVE__BOOL 1
#define HAVE_STDBOOL_H 1
#define HAVE_DIRENT_H 1
#define TIME_WITH_SYS_TIME 1
#define HAVE_DLFCN_H 1
#define LT_OBJDIR ".libs/"
#define HAVE_UNISTD_H 1
#define HAVE_FEATURES_H 1
#define TIME_WITH_SYS_TIME 1
#define HAVE_SYS_TIME_H 1
#define HAVE_PTHREAD_H 1
#define HAVE_PTHREAD_H 1
#define HAVE_PTHREAD_NANOSLEEP 1
#define HAVE_HIRES_TIMER 1
#define HAVE_MLOCK 1
#define HAVE_MLOCKALL 1
#define HAVE_SEMAPHORE_H 1
#define HAVE_SCHED_H 1
#define HAVE_SCHED_GETSCHEDULER 1
#define PTHREAD_MUTEXTYPE_RECURSIVE PTHREAD_MUTEX_RECURSIVE_NP
#define HAVE_PTHREAD_MUTEXATTR_SETTYPE 1
#define HAVE_PTHREAD_RWLOCK 1
#define HAVE_PREAD_PWRITE 1
#define HAVE_PTHREAD_ATTR_SETSTACKSIZE 1
#define HAVE_PTHREAD_YIELD 1
#define HAVE_PTHREAD_CANCEL 1
#define HAVE_PTHREAD_SETCANCELTYPE 1
#define HAVE_ICONV 1
#define ICONV_CONST 
#define SIZEOF_CHAR 1
#define SIZEOF_SHORT 2
#define SIZEOF_INT 4
#define SIZEOF_LONG 8
#define HAVE_NETDB_H 1
#define HAVE_SYS_TYPES_H 1
#define HAVE_SYS_SOCKET_H 1

configure: exit 0
